{"/Users/chenquan/Workspace/nodejs/js-mdict/src/bktree.js":{"path":"/Users/chenquan/Workspace/nodejs/js-mdict/src/bktree.js","statementMap":{"0":{"start":{"line":3,"column":0},"end":{"line":5,"column":3}},"1":{"start":{"line":7,"column":19},"end":{"line":7,"column":563}},"2":{"start":{"line":7,"column":76},"end":{"line":7,"column":347}},"3":{"start":{"line":7,"column":89},"end":{"line":7,"column":90}},"4":{"start":{"line":7,"column":134},"end":{"line":7,"column":142}},"5":{"start":{"line":7,"column":144},"end":{"line":7,"column":199}},"6":{"start":{"line":7,"column":200},"end":{"line":7,"column":231}},"7":{"start":{"line":7,"column":232},"end":{"line":7,"column":286}},"8":{"start":{"line":7,"column":259},"end":{"line":7,"column":286}},"9":{"start":{"line":7,"column":287},"end":{"line":7,"column":345}},"10":{"start":{"line":7,"column":350},"end":{"line":7,"column":559}},"11":{"start":{"line":7,"column":407},"end":{"line":7,"column":475}},"12":{"start":{"line":7,"column":423},"end":{"line":7,"column":475}},"13":{"start":{"line":7,"column":476},"end":{"line":7,"column":536}},"14":{"start":{"line":7,"column":493},"end":{"line":7,"column":536}},"15":{"start":{"line":7,"column":537},"end":{"line":7,"column":556}},"16":{"start":{"line":9,"column":50},"end":{"line":9,"column":151}},"17":{"start":{"line":9,"column":92},"end":{"line":9,"column":149}},"18":{"start":{"line":12,"column":13},"end":{"line":12,"column":26}},"19":{"start":{"line":13,"column":2},"end":{"line":13,"column":29}},"20":{"start":{"line":20,"column":10},"end":{"line":20,"column":18}},"21":{"start":{"line":21,"column":10},"end":{"line":21,"column":18}},"22":{"start":{"line":22,"column":11},"end":{"line":22,"column":27}},"23":{"start":{"line":23,"column":2},"end":{"line":25,"column":3}},"24":{"start":{"line":23,"column":15},"end":{"line":23,"column":16}},"25":{"start":{"line":24,"column":4},"end":{"line":24,"column":29}},"26":{"start":{"line":28,"column":2},"end":{"line":30,"column":3}},"27":{"start":{"line":28,"column":16},"end":{"line":28,"column":17}},"28":{"start":{"line":29,"column":4},"end":{"line":29,"column":19}},"29":{"start":{"line":31,"column":2},"end":{"line":33,"column":3}},"30":{"start":{"line":31,"column":15},"end":{"line":31,"column":16}},"31":{"start":{"line":32,"column":4},"end":{"line":32,"column":17}},"32":{"start":{"line":36,"column":2},"end":{"line":47,"column":3}},"33":{"start":{"line":36,"column":17},"end":{"line":36,"column":18}},"34":{"start":{"line":37,"column":4},"end":{"line":46,"column":5}},"35":{"start":{"line":37,"column":18},"end":{"line":37,"column":19}},"36":{"start":{"line":38,"column":6},"end":{"line":45,"column":7}},"37":{"start":{"line":39,"column":8},"end":{"line":42,"column":10}},"38":{"start":{"line":44,"column":8},"end":{"line":44,"column":42}},"39":{"start":{"line":48,"column":2},"end":{"line":48,"column":18}},"40":{"start":{"line":58,"column":10},"end":{"line":58,"column":13}},"41":{"start":{"line":61,"column":2},"end":{"line":61,"column":16}},"42":{"start":{"line":62,"column":2},"end":{"line":62,"column":33}},"43":{"start":{"line":63,"column":2},"end":{"line":65,"column":3}},"44":{"start":{"line":63,"column":15},"end":{"line":63,"column":16}},"45":{"start":{"line":64,"column":4},"end":{"line":64,"column":22}},"46":{"start":{"line":68,"column":0},"end":{"line":70,"column":2}},"47":{"start":{"line":69,"column":2},"end":{"line":69,"column":16}},"48":{"start":{"line":72,"column":13},"end":{"line":164,"column":3}},"49":{"start":{"line":74,"column":4},"end":{"line":74,"column":34}},"50":{"start":{"line":76,"column":4},"end":{"line":76,"column":36}},"51":{"start":{"line":77,"column":4},"end":{"line":79,"column":5}},"52":{"start":{"line":77,"column":17},"end":{"line":77,"column":18}},"53":{"start":{"line":78,"column":6},"end":{"line":78,"column":36}},"54":{"start":{"line":80,"column":4},"end":{"line":80,"column":29}},"55":{"start":{"line":81,"column":4},"end":{"line":81,"column":17}},"56":{"start":{"line":84,"column":2},"end":{"line":161,"column":6}},"57":{"start":{"line":87,"column":6},"end":{"line":91,"column":7}},"58":{"start":{"line":88,"column":8},"end":{"line":88,"column":36}},"59":{"start":{"line":89,"column":8},"end":{"line":89,"column":31}},"60":{"start":{"line":90,"column":8},"end":{"line":90,"column":15}},"61":{"start":{"line":92,"column":17},"end":{"line":92,"column":55}},"62":{"start":{"line":95,"column":6},"end":{"line":109,"column":7}},"63":{"start":{"line":100,"column":8},"end":{"line":100,"column":19}},"64":{"start":{"line":102,"column":8},"end":{"line":102,"column":48}},"65":{"start":{"line":105,"column":8},"end":{"line":105,"column":45}},"66":{"start":{"line":108,"column":8},"end":{"line":108,"column":51}},"67":{"start":{"line":114,"column":16},"end":{"line":114,"column":18}},"68":{"start":{"line":115,"column":6},"end":{"line":117,"column":7}},"69":{"start":{"line":116,"column":8},"end":{"line":116,"column":19}},"70":{"start":{"line":119,"column":6},"end":{"line":121,"column":7}},"71":{"start":{"line":120,"column":8},"end":{"line":120,"column":19}},"72":{"start":{"line":122,"column":19},"end":{"line":122,"column":33}},"73":{"start":{"line":125,"column":17},"end":{"line":125,"column":49}},"74":{"start":{"line":128,"column":6},"end":{"line":130,"column":7}},"75":{"start":{"line":129,"column":8},"end":{"line":129,"column":30}},"76":{"start":{"line":132,"column":18},"end":{"line":132,"column":28}},"77":{"start":{"line":133,"column":6},"end":{"line":135,"column":7}},"78":{"start":{"line":134,"column":8},"end":{"line":134,"column":18}},"79":{"start":{"line":136,"column":16},"end":{"line":136,"column":26}},"80":{"start":{"line":137,"column":6},"end":{"line":141,"column":7}},"81":{"start":{"line":138,"column":19},"end":{"line":138,"column":65}},"82":{"start":{"line":139,"column":8},"end":{"line":139,"column":31}},"83":{"start":{"line":140,"column":8},"end":{"line":140,"column":16}},"84":{"start":{"line":142,"column":6},"end":{"line":142,"column":17}},"85":{"start":{"line":147,"column":18},"end":{"line":147,"column":22}},"86":{"start":{"line":149,"column":6},"end":{"line":151,"column":7}},"87":{"start":{"line":150,"column":8},"end":{"line":150,"column":46}},"88":{"start":{"line":152,"column":6},"end":{"line":154,"column":9}},"89":{"start":{"line":153,"column":8},"end":{"line":153,"column":43}},"90":{"start":{"line":159,"column":6},"end":{"line":159,"column":42}},"91":{"start":{"line":163,"column":2},"end":{"line":163,"column":16}},"92":{"start":{"line":166,"column":0},"end":{"line":166,"column":25}}},"fnMap":{"0":{"name":"(anonymous_0)","decl":{"start":{"line":7,"column":19},"end":{"line":7,"column":20}},"loc":{"start":{"line":7,"column":31},"end":{"line":7,"column":561}},"line":7},"1":{"name":"defineProperties","decl":{"start":{"line":7,"column":42},"end":{"line":7,"column":58}},"loc":{"start":{"line":7,"column":74},"end":{"line":7,"column":349}},"line":7},"2":{"name":"(anonymous_2)","decl":{"start":{"line":7,"column":357},"end":{"line":7,"column":358}},"loc":{"start":{"line":7,"column":405},"end":{"line":7,"column":558}},"line":7},"3":{"name":"_classCallCheck","decl":{"start":{"line":9,"column":9},"end":{"line":9,"column":24}},"loc":{"start":{"line":9,"column":48},"end":{"line":9,"column":153}},"line":9},"4":{"name":"triple_min","decl":{"start":{"line":11,"column":9},"end":{"line":11,"column":19}},"loc":{"start":{"line":11,"column":29},"end":{"line":14,"column":1}},"line":11},"5":{"name":"edit_distance","decl":{"start":{"line":18,"column":9},"end":{"line":18,"column":22}},"loc":{"start":{"line":18,"column":29},"end":{"line":49,"column":1}},"line":18},"6":{"name":"BKNode","decl":{"start":{"line":60,"column":9},"end":{"line":60,"column":15}},"loc":{"start":{"line":60,"column":19},"end":{"line":66,"column":1}},"line":60},"7":{"name":"set_word","decl":{"start":{"line":68,"column":37},"end":{"line":68,"column":45}},"loc":{"start":{"line":68,"column":49},"end":{"line":70,"column":1}},"line":68},"8":{"name":"(anonymous_8)","decl":{"start":{"line":72,"column":13},"end":{"line":72,"column":14}},"loc":{"start":{"line":72,"column":25},"end":{"line":164,"column":1}},"line":72},"9":{"name":"BKTree","decl":{"start":{"line":73,"column":11},"end":{"line":73,"column":17}},"loc":{"start":{"line":73,"column":28},"end":{"line":82,"column":3}},"line":73},"10":{"name":"_add","decl":{"start":{"line":86,"column":20},"end":{"line":86,"column":24}},"loc":{"start":{"line":86,"column":36},"end":{"line":110,"column":5}},"line":86},"11":{"name":"_sim_words","decl":{"start":{"line":113,"column":20},"end":{"line":113,"column":30}},"loc":{"start":{"line":113,"column":47},"end":{"line":143,"column":5}},"line":113},"12":{"name":"add","decl":{"start":{"line":146,"column":20},"end":{"line":146,"column":23}},"loc":{"start":{"line":146,"column":31},"end":{"line":155,"column":5}},"line":146},"13":{"name":"(anonymous_13)","decl":{"start":{"line":152,"column":20},"end":{"line":152,"column":21}},"loc":{"start":{"line":152,"column":39},"end":{"line":154,"column":7}},"line":152},"14":{"name":"simWords","decl":{"start":{"line":158,"column":20},"end":{"line":158,"column":28}},"loc":{"start":{"line":158,"column":39},"end":{"line":160,"column":5}},"line":158}},"branchMap":{"0":{"loc":{"start":{"line":7,"column":168},"end":{"line":7,"column":198}},"type":"binary-expr","locations":[{"start":{"line":7,"column":168},"end":{"line":7,"column":189}},{"start":{"line":7,"column":193},"end":{"line":7,"column":198}}],"line":7},"1":{"loc":{"start":{"line":7,"column":232},"end":{"line":7,"column":286}},"type":"if","locations":[{"start":{"line":7,"column":232},"end":{"line":7,"column":286}},{"start":{"line":7,"column":232},"end":{"line":7,"column":286}}],"line":7},"2":{"loc":{"start":{"line":7,"column":407},"end":{"line":7,"column":475}},"type":"if","locations":[{"start":{"line":7,"column":407},"end":{"line":7,"column":475}},{"start":{"line":7,"column":407},"end":{"line":7,"column":475}}],"line":7},"3":{"loc":{"start":{"line":7,"column":476},"end":{"line":7,"column":536}},"type":"if","locations":[{"start":{"line":7,"column":476},"end":{"line":7,"column":536}},{"start":{"line":7,"column":476},"end":{"line":7,"column":536}}],"line":7},"4":{"loc":{"start":{"line":9,"column":50},"end":{"line":9,"column":151}},"type":"if","locations":[{"start":{"line":9,"column":50},"end":{"line":9,"column":151}},{"start":{"line":9,"column":50},"end":{"line":9,"column":151}}],"line":9},"5":{"loc":{"start":{"line":12,"column":13},"end":{"line":12,"column":26}},"type":"cond-expr","locations":[{"start":{"line":12,"column":21},"end":{"line":12,"column":22}},{"start":{"line":12,"column":25},"end":{"line":12,"column":26}}],"line":12},"6":{"loc":{"start":{"line":13,"column":9},"end":{"line":13,"column":28}},"type":"cond-expr","locations":[{"start":{"line":13,"column":20},"end":{"line":13,"column":24}},{"start":{"line":13,"column":27},"end":{"line":13,"column":28}}],"line":13},"7":{"loc":{"start":{"line":38,"column":6},"end":{"line":45,"column":7}},"type":"if","locations":[{"start":{"line":38,"column":6},"end":{"line":45,"column":7}},{"start":{"line":38,"column":6},"end":{"line":45,"column":7}}],"line":38},"8":{"loc":{"start":{"line":87,"column":6},"end":{"line":91,"column":7}},"type":"if","locations":[{"start":{"line":87,"column":6},"end":{"line":91,"column":7}},{"start":{"line":87,"column":6},"end":{"line":91,"column":7}}],"line":87},"9":{"loc":{"start":{"line":95,"column":6},"end":{"line":109,"column":7}},"type":"if","locations":[{"start":{"line":95,"column":6},"end":{"line":109,"column":7}},{"start":{"line":95,"column":6},"end":{"line":109,"column":7}}],"line":95},"10":{"loc":{"start":{"line":115,"column":6},"end":{"line":117,"column":7}},"type":"if","locations":[{"start":{"line":115,"column":6},"end":{"line":117,"column":7}},{"start":{"line":115,"column":6},"end":{"line":117,"column":7}}],"line":115},"11":{"loc":{"start":{"line":119,"column":6},"end":{"line":121,"column":7}},"type":"if","locations":[{"start":{"line":119,"column":6},"end":{"line":121,"column":7}},{"start":{"line":119,"column":6},"end":{"line":121,"column":7}}],"line":119},"12":{"loc":{"start":{"line":128,"column":6},"end":{"line":130,"column":7}},"type":"if","locations":[{"start":{"line":128,"column":6},"end":{"line":130,"column":7}},{"start":{"line":128,"column":6},"end":{"line":130,"column":7}}],"line":128},"13":{"loc":{"start":{"line":133,"column":6},"end":{"line":135,"column":7}},"type":"if","locations":[{"start":{"line":133,"column":6},"end":{"line":135,"column":7}},{"start":{"line":133,"column":6},"end":{"line":135,"column":7}}],"line":133},"14":{"loc":{"start":{"line":149,"column":6},"end":{"line":151,"column":7}},"type":"if","locations":[{"start":{"line":149,"column":6},"end":{"line":151,"column":7}},{"start":{"line":149,"column":6},"end":{"line":151,"column":7}}],"line":149}},"s":{"0":1,"1":1,"2":1,"3":1,"4":4,"5":4,"6":4,"7":4,"8":4,"9":4,"10":1,"11":1,"12":1,"13":1,"14":0,"15":1,"16":1,"17":0,"18":110,"19":110,"20":15,"21":15,"22":15,"23":15,"24":15,"25":45,"26":15,"27":15,"28":45,"29":15,"30":15,"31":77,"32":15,"33":15,"34":30,"35":30,"36":124,"37":110,"38":14,"39":15,"40":1,"41":19,"42":19,"43":19,"44":19,"45":3800,"46":1,"47":9,"48":1,"49":1,"50":1,"51":1,"52":1,"53":9,"54":1,"55":1,"56":1,"57":13,"58":1,"59":1,"60":1,"61":12,"62":12,"63":8,"64":8,"65":8,"66":4,"67":11,"68":11,"69":8,"70":3,"71":0,"72":3,"73":3,"74":3,"75":3,"76":3,"77":3,"78":3,"79":3,"80":3,"81":10,"82":10,"83":10,"84":3,"85":1,"86":1,"87":0,"88":1,"89":9,"90":1,"91":1,"92":1},"f":{"0":1,"1":1,"2":1,"3":1,"4":110,"5":15,"6":19,"7":9,"8":1,"9":1,"10":13,"11":11,"12":1,"13":9,"14":1},"b":{"0":[4,4],"1":[4,0],"2":[1,0],"3":[0,1],"4":[0,1],"5":[15,95],"6":[43,67],"7":[110,14],"8":[1,12],"9":[8,4],"10":[8,3],"11":[0,3],"12":[3,0],"13":[3,0],"14":[0,1]},"_coverageSchema":"43e27e138ebf9cfc5966b082cf9a028302ed4184","hash":"49a26e57737192d65b5d99f3d8a6a7f7bab0b574","contentHash":"cd960fc4e7c0b26b0aa928b15a472822cf25969c8fcd92c7d5e05165c3301653"},"/Users/chenquan/Workspace/nodejs/js-mdict/src/common.js":{"path":"/Users/chenquan/Workspace/nodejs/js-mdict/src/common.js","statementMap":{"0":{"start":{"line":3,"column":0},"end":{"line":5,"column":3}},"1":{"start":{"line":7,"column":10},"end":{"line":7,"column":23}},"2":{"start":{"line":9,"column":11},"end":{"line":9,"column":38}},"3":{"start":{"line":11,"column":20},"end":{"line":11,"column":44}},"4":{"start":{"line":13,"column":14},"end":{"line":13,"column":31}},"5":{"start":{"line":15,"column":14},"end":{"line":15,"column":36}},"6":{"start":{"line":17,"column":15},"end":{"line":17,"column":46}},"7":{"start":{"line":19,"column":39},"end":{"line":19,"column":93}},"8":{"start":{"line":21,"column":22},"end":{"line":24,"column":1}},"9":{"start":{"line":26,"column":23},"end":{"line":26,"column":64}},"10":{"start":{"line":27,"column":12},"end":{"line":27,"column":20}},"11":{"start":{"line":30,"column":12},"end":{"line":30,"column":31}},"12":{"start":{"line":31,"column":2},"end":{"line":31,"column":47}},"13":{"start":{"line":32,"column":2},"end":{"line":32,"column":13}},"14":{"start":{"line":36,"column":2},"end":{"line":36,"column":69}},"15":{"start":{"line":40,"column":2},"end":{"line":41,"column":4}},"16":{"start":{"line":46,"column":13},"end":{"line":46,"column":26}},"17":{"start":{"line":47,"column":2},"end":{"line":47,"column":29}},"18":{"start":{"line":54,"column":10},"end":{"line":54,"column":18}},"19":{"start":{"line":55,"column":10},"end":{"line":55,"column":18}},"20":{"start":{"line":56,"column":11},"end":{"line":56,"column":27}},"21":{"start":{"line":57,"column":2},"end":{"line":59,"column":3}},"22":{"start":{"line":57,"column":15},"end":{"line":57,"column":16}},"23":{"start":{"line":58,"column":4},"end":{"line":58,"column":29}},"24":{"start":{"line":62,"column":2},"end":{"line":64,"column":3}},"25":{"start":{"line":62,"column":16},"end":{"line":62,"column":17}},"26":{"start":{"line":63,"column":4},"end":{"line":63,"column":19}},"27":{"start":{"line":65,"column":2},"end":{"line":67,"column":3}},"28":{"start":{"line":65,"column":15},"end":{"line":65,"column":16}},"29":{"start":{"line":66,"column":4},"end":{"line":66,"column":17}},"30":{"start":{"line":70,"column":2},"end":{"line":81,"column":3}},"31":{"start":{"line":70,"column":17},"end":{"line":70,"column":18}},"32":{"start":{"line":71,"column":4},"end":{"line":80,"column":5}},"33":{"start":{"line":71,"column":18},"end":{"line":71,"column":19}},"34":{"start":{"line":72,"column":6},"end":{"line":79,"column":7}},"35":{"start":{"line":73,"column":8},"end":{"line":76,"column":10}},"36":{"start":{"line":78,"column":8},"end":{"line":78,"column":42}},"37":{"start":{"line":82,"column":2},"end":{"line":82,"column":18}},"38":{"start":{"line":90,"column":12},"end":{"line":90,"column":76}},"39":{"start":{"line":91,"column":20},"end":{"line":91,"column":22}},"40":{"start":{"line":92,"column":13},"end":{"line":92,"column":54}},"41":{"start":{"line":93,"column":2},"end":{"line":95,"column":3}},"42":{"start":{"line":94,"column":4},"end":{"line":94,"column":55}},"43":{"start":{"line":96,"column":2},"end":{"line":99,"column":3}},"44":{"start":{"line":96,"column":15},"end":{"line":96,"column":16}},"45":{"start":{"line":97,"column":4},"end":{"line":97,"column":30}},"46":{"start":{"line":98,"column":4},"end":{"line":98,"column":48}},"47":{"start":{"line":100,"column":2},"end":{"line":100,"column":21}},"48":{"start":{"line":108,"column":2},"end":{"line":108,"column":25}},"49":{"start":{"line":116,"column":10},"end":{"line":116,"column":11}},"50":{"start":{"line":117,"column":2},"end":{"line":120,"column":3}},"51":{"start":{"line":117,"column":15},"end":{"line":117,"column":16}},"52":{"start":{"line":118,"column":4},"end":{"line":118,"column":18}},"53":{"start":{"line":119,"column":4},"end":{"line":119,"column":12}},"54":{"start":{"line":121,"column":2},"end":{"line":121,"column":16}},"55":{"start":{"line":122,"column":2},"end":{"line":122,"column":11}},"56":{"start":{"line":130,"column":10},"end":{"line":130,"column":11}},"57":{"start":{"line":131,"column":2},"end":{"line":134,"column":3}},"58":{"start":{"line":131,"column":15},"end":{"line":131,"column":16}},"59":{"start":{"line":132,"column":4},"end":{"line":132,"column":18}},"60":{"start":{"line":133,"column":4},"end":{"line":133,"column":12}},"61":{"start":{"line":135,"column":2},"end":{"line":135,"column":16}},"62":{"start":{"line":136,"column":2},"end":{"line":136,"column":11}},"63":{"start":{"line":144,"column":2},"end":{"line":146,"column":3}},"64":{"start":{"line":145,"column":4},"end":{"line":145,"column":69}},"65":{"start":{"line":147,"column":13},"end":{"line":147,"column":14}},"66":{"start":{"line":148,"column":2},"end":{"line":151,"column":3}},"67":{"start":{"line":148,"column":15},"end":{"line":148,"column":16}},"68":{"start":{"line":149,"column":4},"end":{"line":149,"column":28}},"69":{"start":{"line":150,"column":4},"end":{"line":150,"column":15}},"70":{"start":{"line":152,"column":2},"end":{"line":152,"column":26}},"71":{"start":{"line":154,"column":2},"end":{"line":154,"column":43}},"72":{"start":{"line":155,"column":2},"end":{"line":155,"column":31}},"73":{"start":{"line":156,"column":2},"end":{"line":156,"column":29}},"74":{"start":{"line":157,"column":2},"end":{"line":157,"column":27}},"75":{"start":{"line":158,"column":2},"end":{"line":158,"column":26}},"76":{"start":{"line":160,"column":2},"end":{"line":160,"column":14}},"77":{"start":{"line":163,"column":19},"end":{"line":163,"column":42}},"78":{"start":{"line":164,"column":20},"end":{"line":164,"column":44}},"79":{"start":{"line":165,"column":20},"end":{"line":165,"column":44}},"80":{"start":{"line":166,"column":20},"end":{"line":166,"column":44}},"81":{"start":{"line":173,"column":14},"end":{"line":173,"column":32}},"82":{"start":{"line":174,"column":2},"end":{"line":186,"column":3}},"83":{"start":{"line":176,"column":4},"end":{"line":176,"column":35}},"84":{"start":{"line":177,"column":9},"end":{"line":186,"column":3}},"85":{"start":{"line":179,"column":4},"end":{"line":179,"column":35}},"86":{"start":{"line":180,"column":9},"end":{"line":186,"column":3}},"87":{"start":{"line":182,"column":4},"end":{"line":182,"column":35}},"88":{"start":{"line":183,"column":9},"end":{"line":186,"column":3}},"89":{"start":{"line":185,"column":4},"end":{"line":185,"column":34}},"90":{"start":{"line":187,"column":2},"end":{"line":187,"column":11}},"91":{"start":{"line":198,"column":10},"end":{"line":198,"column":30}},"92":{"start":{"line":199,"column":12},"end":{"line":199,"column":29}},"93":{"start":{"line":200,"column":17},"end":{"line":200,"column":21}},"94":{"start":{"line":201,"column":2},"end":{"line":206,"column":3}},"95":{"start":{"line":201,"column":15},"end":{"line":201,"column":16}},"96":{"start":{"line":202,"column":12},"end":{"line":202,"column":42}},"97":{"start":{"line":203,"column":4},"end":{"line":203,"column":54}},"98":{"start":{"line":204,"column":4},"end":{"line":204,"column":20}},"99":{"start":{"line":205,"column":4},"end":{"line":205,"column":13}},"100":{"start":{"line":207,"column":2},"end":{"line":207,"column":29}},"101":{"start":{"line":215,"column":12},"end":{"line":215,"column":138}},"102":{"start":{"line":216,"column":2},"end":{"line":216,"column":97}},"103":{"start":{"line":227,"column":12},"end":{"line":227,"column":67}},"104":{"start":{"line":228,"column":2},"end":{"line":228,"column":38}},"105":{"start":{"line":229,"column":2},"end":{"line":229,"column":55}},"106":{"start":{"line":230,"column":2},"end":{"line":230,"column":20}},"107":{"start":{"line":233,"column":0},"end":{"line":248,"column":2}}},"fnMap":{"0":{"name":"_interopRequireDefault","decl":{"start":{"line":19,"column":9},"end":{"line":19,"column":31}},"loc":{"start":{"line":19,"column":37},"end":{"line":19,"column":95}},"line":19},"1":{"name":"newUint8Array","decl":{"start":{"line":29,"column":9},"end":{"line":29,"column":22}},"loc":{"start":{"line":29,"column":41},"end":{"line":33,"column":1}},"line":29},"2":{"name":"readUTF16","decl":{"start":{"line":35,"column":9},"end":{"line":35,"column":18}},"loc":{"start":{"line":35,"column":40},"end":{"line":37,"column":1}},"line":35},"3":{"name":"getExtension","decl":{"start":{"line":39,"column":9},"end":{"line":39,"column":21}},"loc":{"start":{"line":39,"column":44},"end":{"line":42,"column":1}},"line":39},"4":{"name":"triple_min","decl":{"start":{"line":45,"column":9},"end":{"line":45,"column":19}},"loc":{"start":{"line":45,"column":29},"end":{"line":48,"column":1}},"line":45},"5":{"name":"levenshtein_distance","decl":{"start":{"line":52,"column":9},"end":{"line":52,"column":29}},"loc":{"start":{"line":52,"column":36},"end":{"line":83,"column":1}},"line":52},"6":{"name":"parseHeader","decl":{"start":{"line":89,"column":9},"end":{"line":89,"column":20}},"loc":{"start":{"line":89,"column":34},"end":{"line":101,"column":1}},"line":89},"7":{"name":"uint8BEtoNumber","decl":{"start":{"line":107,"column":9},"end":{"line":107,"column":24}},"loc":{"start":{"line":107,"column":32},"end":{"line":109,"column":1}},"line":107},"8":{"name":"uint16BEtoNumber","decl":{"start":{"line":115,"column":9},"end":{"line":115,"column":25}},"loc":{"start":{"line":115,"column":33},"end":{"line":123,"column":1}},"line":115},"9":{"name":"uint32BEtoNumber","decl":{"start":{"line":129,"column":9},"end":{"line":129,"column":25}},"loc":{"start":{"line":129,"column":33},"end":{"line":137,"column":1}},"line":129},"10":{"name":"uint64BEtoNumber","decl":{"start":{"line":143,"column":9},"end":{"line":143,"column":25}},"loc":{"start":{"line":143,"column":33},"end":{"line":161,"column":1}},"line":143},"11":{"name":"readNumber","decl":{"start":{"line":172,"column":9},"end":{"line":172,"column":19}},"loc":{"start":{"line":172,"column":32},"end":{"line":190,"column":1}},"line":172},"12":{"name":"fast_decrypt","decl":{"start":{"line":197,"column":9},"end":{"line":197,"column":21}},"loc":{"start":{"line":197,"column":31},"end":{"line":208,"column":1}},"line":197},"13":{"name":"mdxDecrypt","decl":{"start":{"line":214,"column":9},"end":{"line":214,"column":19}},"loc":{"start":{"line":214,"column":32},"end":{"line":217,"column":1}},"line":214},"14":{"name":"appendBuffer","decl":{"start":{"line":226,"column":9},"end":{"line":226,"column":21}},"loc":{"start":{"line":226,"column":40},"end":{"line":231,"column":1}},"line":226}},"branchMap":{"0":{"loc":{"start":{"line":19,"column":46},"end":{"line":19,"column":92}},"type":"cond-expr","locations":[{"start":{"line":19,"column":70},"end":{"line":19,"column":73}},{"start":{"line":19,"column":76},"end":{"line":19,"column":92}}],"line":19},"1":{"loc":{"start":{"line":19,"column":46},"end":{"line":19,"column":67}},"type":"binary-expr","locations":[{"start":{"line":19,"column":46},"end":{"line":19,"column":49}},{"start":{"line":19,"column":53},"end":{"line":19,"column":67}}],"line":19},"2":{"loc":{"start":{"line":40,"column":10},"end":{"line":40,"column":59}},"type":"binary-expr","locations":[{"start":{"line":40,"column":10},"end":{"line":40,"column":45}},{"start":{"line":40,"column":49},"end":{"line":40,"column":59}}],"line":40},"3":{"loc":{"start":{"line":46,"column":13},"end":{"line":46,"column":26}},"type":"cond-expr","locations":[{"start":{"line":46,"column":21},"end":{"line":46,"column":22}},{"start":{"line":46,"column":25},"end":{"line":46,"column":26}}],"line":46},"4":{"loc":{"start":{"line":47,"column":9},"end":{"line":47,"column":28}},"type":"cond-expr","locations":[{"start":{"line":47,"column":20},"end":{"line":47,"column":24}},{"start":{"line":47,"column":27},"end":{"line":47,"column":28}}],"line":47},"5":{"loc":{"start":{"line":72,"column":6},"end":{"line":79,"column":7}},"type":"if","locations":[{"start":{"line":72,"column":6},"end":{"line":79,"column":7}},{"start":{"line":72,"column":6},"end":{"line":79,"column":7}}],"line":72},"6":{"loc":{"start":{"line":93,"column":2},"end":{"line":95,"column":3}},"type":"if","locations":[{"start":{"line":93,"column":2},"end":{"line":95,"column":3}},{"start":{"line":93,"column":2},"end":{"line":95,"column":3}}],"line":93},"7":{"loc":{"start":{"line":144,"column":2},"end":{"line":146,"column":3}},"type":"if","locations":[{"start":{"line":144,"column":2},"end":{"line":146,"column":3}},{"start":{"line":144,"column":2},"end":{"line":146,"column":3}}],"line":144},"8":{"loc":{"start":{"line":144,"column":6},"end":{"line":144,"column":38}},"type":"binary-expr","locations":[{"start":{"line":144,"column":6},"end":{"line":144,"column":22}},{"start":{"line":144,"column":26},"end":{"line":144,"column":38}}],"line":144},"9":{"loc":{"start":{"line":174,"column":2},"end":{"line":186,"column":3}},"type":"if","locations":[{"start":{"line":174,"column":2},"end":{"line":186,"column":3}},{"start":{"line":174,"column":2},"end":{"line":186,"column":3}}],"line":174},"10":{"loc":{"start":{"line":177,"column":9},"end":{"line":186,"column":3}},"type":"if","locations":[{"start":{"line":177,"column":9},"end":{"line":186,"column":3}},{"start":{"line":177,"column":9},"end":{"line":186,"column":3}}],"line":177},"11":{"loc":{"start":{"line":180,"column":9},"end":{"line":186,"column":3}},"type":"if","locations":[{"start":{"line":180,"column":9},"end":{"line":186,"column":3}},{"start":{"line":180,"column":9},"end":{"line":186,"column":3}}],"line":180},"12":{"loc":{"start":{"line":183,"column":9},"end":{"line":186,"column":3}},"type":"if","locations":[{"start":{"line":183,"column":9},"end":{"line":186,"column":3}},{"start":{"line":183,"column":9},"end":{"line":186,"column":3}}],"line":183}},"s":{"0":1,"1":1,"2":1,"3":1,"4":1,"5":1,"6":1,"7":2,"8":1,"9":1,"10":1,"11":13,"12":13,"13":13,"14":13,"15":13,"16":11151805,"17":11151805,"18":318623,"19":318623,"20":318623,"21":318623,"22":318623,"23":2548984,"24":318623,"25":318623,"26":2548984,"27":318623,"28":318623,"29":2230361,"30":318623,"31":318623,"32":2230361,"33":2230361,"34":13382166,"35":11151805,"36":2230361,"37":318623,"38":13,"39":13,"40":13,"41":13,"42":0,"43":13,"44":13,"45":208,"46":208,"47":13,"48":2,"49":1744,"50":1744,"51":1744,"52":1744,"53":1744,"54":1744,"55":1744,"56":14,"57":14,"58":14,"59":42,"60":42,"61":14,"62":14,"63":203745,"64":1,"65":203744,"66":203744,"67":203744,"68":611232,"69":611232,"70":203744,"71":203744,"72":203744,"73":203744,"74":203744,"75":203744,"76":203744,"77":1,"78":1,"79":1,"80":1,"81":205505,"82":205505,"83":14,"84":205491,"85":203745,"86":1746,"87":1744,"88":2,"89":2,"90":0,"91":13,"92":13,"93":13,"94":13,"95":13,"96":19500,"97":19500,"98":19500,"99":19500,"100":13,"101":13,"102":13,"103":0,"104":0,"105":0,"106":0,"107":1},"f":{"0":2,"1":13,"2":13,"3":13,"4":11151805,"5":318623,"6":13,"7":2,"8":1744,"9":14,"10":203745,"11":205505,"12":13,"13":13,"14":0},"b":{"0":[0,2],"1":[2,2],"2":[13,0],"3":[6053837,5097968],"4":[6053837,5097968],"5":[11151805,2230361],"6":[0,13],"7":[1,203744],"8":[203745,203744],"9":[14,205491],"10":[203745,1746],"11":[1744,2],"12":[2,0]},"_coverageSchema":"43e27e138ebf9cfc5966b082cf9a028302ed4184","hash":"f4544d5428bd8b402118bdea555d20101ba4939d","contentHash":"91f40ffbc27258ba2bbfb654697e9157e5ead32a1e95c90e845a621adb6e748b"},"/Users/chenquan/Workspace/nodejs/js-mdict/src/ripemd128.js":{"path":"/Users/chenquan/Workspace/nodejs/js-mdict/src/ripemd128.js","statementMap":{"0":{"start":{"line":20,"column":2},"end":{"line":20,"column":30}},"1":{"start":{"line":25,"column":2},"end":{"line":25,"column":90}},"2":{"start":{"line":25,"column":16},"end":{"line":25,"column":90}},"3":{"start":{"line":26,"column":2},"end":{"line":26,"column":37}},"4":{"start":{"line":26,"column":28},"end":{"line":26,"column":37}},"5":{"start":{"line":27,"column":2},"end":{"line":27,"column":37}},"6":{"start":{"line":27,"column":28},"end":{"line":27,"column":37}},"7":{"start":{"line":28,"column":10},"end":{"line":28,"column":48}},"8":{"start":{"line":29,"column":2},"end":{"line":29,"column":11}},"9":{"start":{"line":30,"column":2},"end":{"line":30,"column":21}},"10":{"start":{"line":31,"column":2},"end":{"line":31,"column":11}},"11":{"start":{"line":36,"column":2},"end":{"line":36,"column":31}},"12":{"start":{"line":39,"column":13},"end":{"line":39,"column":16}},"13":{"start":{"line":41,"column":12},"end":{"line":41,"column":14}},"14":{"start":{"line":42,"column":8},"end":{"line":49,"column":76}},"15":{"start":{"line":50,"column":8},"end":{"line":57,"column":74}},"16":{"start":{"line":58,"column":8},"end":{"line":66,"column":1}},"17":{"start":{"line":67,"column":8},"end":{"line":75,"column":2}},"18":{"start":{"line":68,"column":2},"end":{"line":68,"column":19}},"19":{"start":{"line":70,"column":2},"end":{"line":70,"column":24}},"20":{"start":{"line":72,"column":2},"end":{"line":72,"column":22}},"21":{"start":{"line":74,"column":2},"end":{"line":74,"column":24}},"22":{"start":{"line":77,"column":0},"end":{"line":143,"column":2}},"23":{"start":{"line":78,"column":11},"end":{"line":78,"column":17}},"24":{"start":{"line":79,"column":11},"end":{"line":79,"column":17}},"25":{"start":{"line":80,"column":11},"end":{"line":80,"column":17}},"26":{"start":{"line":81,"column":11},"end":{"line":81,"column":17}},"27":{"start":{"line":82,"column":12},"end":{"line":82,"column":18}},"28":{"start":{"line":83,"column":12},"end":{"line":83,"column":18}},"29":{"start":{"line":84,"column":12},"end":{"line":84,"column":18}},"30":{"start":{"line":85,"column":12},"end":{"line":85,"column":18}},"31":{"start":{"line":86,"column":10},"end":{"line":86,"column":16}},"32":{"start":{"line":87,"column":10},"end":{"line":87,"column":16}},"33":{"start":{"line":88,"column":10},"end":{"line":88,"column":16}},"34":{"start":{"line":89,"column":11},"end":{"line":89,"column":17}},"35":{"start":{"line":90,"column":10},"end":{"line":90,"column":16}},"36":{"start":{"line":91,"column":12},"end":{"line":91,"column":18}},"37":{"start":{"line":92,"column":10},"end":{"line":92,"column":16}},"38":{"start":{"line":93,"column":13},"end":{"line":93,"column":78}},"39":{"start":{"line":94,"column":14},"end":{"line":94,"column":25}},"40":{"start":{"line":96,"column":16},"end":{"line":96,"column":73}},"41":{"start":{"line":97,"column":2},"end":{"line":97,"column":22}},"42":{"start":{"line":99,"column":2},"end":{"line":99,"column":55}},"43":{"start":{"line":102,"column":2},"end":{"line":102,"column":14}},"44":{"start":{"line":104,"column":2},"end":{"line":104,"column":46}},"45":{"start":{"line":106,"column":2},"end":{"line":140,"column":3}},"46":{"start":{"line":107,"column":4},"end":{"line":107,"column":23}},"47":{"start":{"line":108,"column":4},"end":{"line":108,"column":23}},"48":{"start":{"line":109,"column":4},"end":{"line":109,"column":23}},"49":{"start":{"line":110,"column":4},"end":{"line":110,"column":23}},"50":{"start":{"line":112,"column":4},"end":{"line":121,"column":5}},"51":{"start":{"line":113,"column":6},"end":{"line":113,"column":21}},"52":{"start":{"line":114,"column":6},"end":{"line":114,"column":82}},"53":{"start":{"line":116,"column":6},"end":{"line":116,"column":15}},"54":{"start":{"line":117,"column":6},"end":{"line":117,"column":14}},"55":{"start":{"line":118,"column":6},"end":{"line":118,"column":14}},"56":{"start":{"line":119,"column":6},"end":{"line":119,"column":14}},"57":{"start":{"line":120,"column":6},"end":{"line":120,"column":15}},"58":{"start":{"line":123,"column":4},"end":{"line":133,"column":5}},"59":{"start":{"line":124,"column":6},"end":{"line":124,"column":21}},"60":{"start":{"line":125,"column":6},"end":{"line":125,"column":34}},"61":{"start":{"line":126,"column":6},"end":{"line":126,"column":88}},"62":{"start":{"line":128,"column":6},"end":{"line":128,"column":16}},"63":{"start":{"line":129,"column":6},"end":{"line":129,"column":16}},"64":{"start":{"line":130,"column":6},"end":{"line":130,"column":16}},"65":{"start":{"line":131,"column":6},"end":{"line":131,"column":16}},"66":{"start":{"line":132,"column":6},"end":{"line":132,"column":16}},"67":{"start":{"line":135,"column":4},"end":{"line":135,"column":29}},"68":{"start":{"line":136,"column":4},"end":{"line":136,"column":33}},"69":{"start":{"line":137,"column":4},"end":{"line":137,"column":33}},"70":{"start":{"line":138,"column":4},"end":{"line":138,"column":33}},"71":{"start":{"line":139,"column":4},"end":{"line":139,"column":18}},"72":{"start":{"line":142,"column":2},"end":{"line":142,"column":37}}},"fnMap":{"0":{"name":"asUint32Array","decl":{"start":{"line":19,"column":9},"end":{"line":19,"column":22}},"loc":{"start":{"line":19,"column":28},"end":{"line":21,"column":1}},"line":19},"1":{"name":"concat","decl":{"start":{"line":24,"column":9},"end":{"line":24,"column":15}},"loc":{"start":{"line":24,"column":22},"end":{"line":32,"column":1}},"line":24},"2":{"name":"rotl","decl":{"start":{"line":35,"column":9},"end":{"line":35,"column":13}},"loc":{"start":{"line":35,"column":20},"end":{"line":37,"column":1}},"line":35},"3":{"name":"F1","decl":{"start":{"line":67,"column":18},"end":{"line":67,"column":20}},"loc":{"start":{"line":67,"column":30},"end":{"line":69,"column":1}},"line":67},"4":{"name":"F2","decl":{"start":{"line":69,"column":12},"end":{"line":69,"column":14}},"loc":{"start":{"line":69,"column":24},"end":{"line":71,"column":1}},"line":69},"5":{"name":"F3","decl":{"start":{"line":71,"column":12},"end":{"line":71,"column":14}},"loc":{"start":{"line":71,"column":24},"end":{"line":73,"column":1}},"line":71},"6":{"name":"F4","decl":{"start":{"line":73,"column":12},"end":{"line":73,"column":14}},"loc":{"start":{"line":73,"column":24},"end":{"line":75,"column":1}},"line":73},"7":{"name":"ripemd128","decl":{"start":{"line":77,"column":29},"end":{"line":77,"column":38}},"loc":{"start":{"line":77,"column":45},"end":{"line":143,"column":1}},"line":77}},"branchMap":{"0":{"loc":{"start":{"line":25,"column":2},"end":{"line":25,"column":90}},"type":"if","locations":[{"start":{"line":25,"column":2},"end":{"line":25,"column":90}},{"start":{"line":25,"column":2},"end":{"line":25,"column":90}}],"line":25},"1":{"loc":{"start":{"line":25,"column":6},"end":{"line":25,"column":14}},"type":"binary-expr","locations":[{"start":{"line":25,"column":6},"end":{"line":25,"column":8}},{"start":{"line":25,"column":12},"end":{"line":25,"column":14}}],"line":25},"2":{"loc":{"start":{"line":26,"column":2},"end":{"line":26,"column":37}},"type":"if","locations":[{"start":{"line":26,"column":2},"end":{"line":26,"column":37}},{"start":{"line":26,"column":2},"end":{"line":26,"column":37}}],"line":26},"3":{"loc":{"start":{"line":26,"column":6},"end":{"line":26,"column":26}},"type":"binary-expr","locations":[{"start":{"line":26,"column":6},"end":{"line":26,"column":8}},{"start":{"line":26,"column":12},"end":{"line":26,"column":26}}],"line":26},"4":{"loc":{"start":{"line":27,"column":2},"end":{"line":27,"column":37}},"type":"if","locations":[{"start":{"line":27,"column":2},"end":{"line":27,"column":37}},{"start":{"line":27,"column":2},"end":{"line":27,"column":37}}],"line":27},"5":{"loc":{"start":{"line":27,"column":6},"end":{"line":27,"column":26}},"type":"binary-expr","locations":[{"start":{"line":27,"column":6},"end":{"line":27,"column":8}},{"start":{"line":27,"column":12},"end":{"line":27,"column":26}}],"line":27},"6":{"loc":{"start":{"line":96,"column":32},"end":{"line":96,"column":58}},"type":"cond-expr","locations":[{"start":{"line":96,"column":50},"end":{"line":96,"column":52}},{"start":{"line":96,"column":55},"end":{"line":96,"column":58}}],"line":96}},"s":{"0":17,"1":26,"2":0,"3":26,"4":0,"5":26,"6":0,"7":26,"8":26,"9":26,"10":26,"11":1664,"12":1,"13":1,"14":1,"15":1,"16":1,"17":1,"18":416,"19":416,"20":416,"21":416,"22":1,"23":13,"24":13,"25":13,"26":13,"27":13,"28":13,"29":13,"30":13,"31":13,"32":13,"33":13,"34":13,"35":13,"36":13,"37":13,"38":13,"39":13,"40":13,"41":13,"42":13,"43":13,"44":13,"45":13,"46":13,"47":13,"48":13,"49":13,"50":13,"51":832,"52":832,"53":832,"54":832,"55":832,"56":832,"57":832,"58":13,"59":832,"60":832,"61":832,"62":832,"63":832,"64":832,"65":832,"66":832,"67":13,"68":13,"69":13,"70":13,"71":13,"72":13},"f":{"0":17,"1":26,"2":1664,"3":416,"4":416,"5":416,"6":416,"7":13},"b":{"0":[0,26],"1":[26,0],"2":[0,26],"3":[26,26],"4":[0,26],"5":[26,26],"6":[13,0]},"_coverageSchema":"43e27e138ebf9cfc5966b082cf9a028302ed4184","hash":"9e641995d218725fba8dc109e2fd4b3cbf9f0875","contentHash":"ea621a8f4cf19b2de383af96bcfef98e3ee9040864b31072297e3a5de28126f1"},"/Users/chenquan/Workspace/nodejs/js-mdict/src/Mdict.js":{"path":"/Users/chenquan/Workspace/nodejs/js-mdict/src/Mdict.js","statementMap":{"0":{"start":{"line":3,"column":0},"end":{"line":5,"column":3}},"1":{"start":{"line":7,"column":19},"end":{"line":7,"column":563}},"2":{"start":{"line":7,"column":76},"end":{"line":7,"column":347}},"3":{"start":{"line":7,"column":89},"end":{"line":7,"column":90}},"4":{"start":{"line":7,"column":134},"end":{"line":7,"column":142}},"5":{"start":{"line":7,"column":144},"end":{"line":7,"column":199}},"6":{"start":{"line":7,"column":200},"end":{"line":7,"column":231}},"7":{"start":{"line":7,"column":232},"end":{"line":7,"column":286}},"8":{"start":{"line":7,"column":259},"end":{"line":7,"column":286}},"9":{"start":{"line":7,"column":287},"end":{"line":7,"column":345}},"10":{"start":{"line":7,"column":350},"end":{"line":7,"column":559}},"11":{"start":{"line":7,"column":407},"end":{"line":7,"column":475}},"12":{"start":{"line":7,"column":423},"end":{"line":7,"column":475}},"13":{"start":{"line":7,"column":476},"end":{"line":7,"column":536}},"14":{"start":{"line":7,"column":493},"end":{"line":7,"column":536}},"15":{"start":{"line":7,"column":537},"end":{"line":7,"column":556}},"16":{"start":{"line":9,"column":12},"end":{"line":9,"column":27}},"17":{"start":{"line":11,"column":13},"end":{"line":11,"column":42}},"18":{"start":{"line":13,"column":18},"end":{"line":13,"column":39}},"19":{"start":{"line":15,"column":22},"end":{"line":15,"column":49}},"20":{"start":{"line":17,"column":23},"end":{"line":17,"column":62}},"21":{"start":{"line":19,"column":14},"end":{"line":19,"column":31}},"22":{"start":{"line":21,"column":15},"end":{"line":21,"column":46}},"23":{"start":{"line":23,"column":18},"end":{"line":23,"column":40}},"24":{"start":{"line":25,"column":18},"end":{"line":25,"column":53}},"25":{"start":{"line":27,"column":14},"end":{"line":27,"column":33}},"26":{"start":{"line":29,"column":15},"end":{"line":29,"column":46}},"27":{"start":{"line":31,"column":39},"end":{"line":31,"column":93}},"28":{"start":{"line":33,"column":50},"end":{"line":33,"column":151}},"29":{"start":{"line":33,"column":92},"end":{"line":33,"column":149}},"30":{"start":{"line":35,"column":50},"end":{"line":35,"column":151}},"31":{"start":{"line":35,"column":63},"end":{"line":35,"column":149}},"32":{"start":{"line":35,"column":152},"end":{"line":35,"column":238}},"33":{"start":{"line":37,"column":43},"end":{"line":37,"column":208}},"34":{"start":{"line":37,"column":106},"end":{"line":37,"column":206}},"35":{"start":{"line":37,"column":209},"end":{"line":37,"column":373}},"36":{"start":{"line":37,"column":374},"end":{"line":37,"column":492}},"37":{"start":{"line":37,"column":390},"end":{"line":37,"column":492}},"38":{"start":{"line":44,"column":2},"end":{"line":44,"column":22}},"39":{"start":{"line":45,"column":2},"end":{"line":45,"column":37}},"40":{"start":{"line":48,"column":12},"end":{"line":261,"column":22}},"41":{"start":{"line":49,"column":2},"end":{"line":49,"column":31}},"42":{"start":{"line":52,"column":4},"end":{"line":52,"column":33}},"43":{"start":{"line":54,"column":4},"end":{"line":54,"column":118}},"44":{"start":{"line":57,"column":2},"end":{"line":258,"column":6}},"45":{"start":{"line":63,"column":19},"end":{"line":63,"column":61}},"46":{"start":{"line":64,"column":6},"end":{"line":70,"column":7}},"47":{"start":{"line":65,"column":8},"end":{"line":69,"column":10}},"48":{"start":{"line":66,"column":10},"end":{"line":66,"column":43}},"49":{"start":{"line":68,"column":10},"end":{"line":68,"column":21}},"50":{"start":{"line":71,"column":6},"end":{"line":75,"column":8}},"51":{"start":{"line":72,"column":8},"end":{"line":72,"column":55}},"52":{"start":{"line":74,"column":8},"end":{"line":74,"column":33}},"53":{"start":{"line":80,"column":18},"end":{"line":80,"column":34}},"54":{"start":{"line":81,"column":17},"end":{"line":81,"column":54}},"55":{"start":{"line":82,"column":17},"end":{"line":82,"column":49}},"56":{"start":{"line":83,"column":14},"end":{"line":83,"column":50}},"57":{"start":{"line":84,"column":16},"end":{"line":84,"column":66}},"58":{"start":{"line":85,"column":22},"end":{"line":85,"column":278}},"59":{"start":{"line":86,"column":17},"end":{"line":86,"column":106}},"60":{"start":{"line":87,"column":6},"end":{"line":87,"column":18}},"61":{"start":{"line":92,"column":6},"end":{"line":95,"column":7}},"62":{"start":{"line":94,"column":8},"end":{"line":94,"column":30}},"63":{"start":{"line":96,"column":17},"end":{"line":96,"column":18}},"64":{"start":{"line":97,"column":18},"end":{"line":97,"column":29}},"65":{"start":{"line":98,"column":16},"end":{"line":98,"column":17}},"66":{"start":{"line":99,"column":6},"end":{"line":108,"column":7}},"67":{"start":{"line":100,"column":8},"end":{"line":100,"column":41}},"68":{"start":{"line":101,"column":8},"end":{"line":107,"column":9}},"69":{"start":{"line":102,"column":10},"end":{"line":102,"column":25}},"70":{"start":{"line":103,"column":15},"end":{"line":107,"column":9}},"71":{"start":{"line":104,"column":10},"end":{"line":104,"column":21}},"72":{"start":{"line":106,"column":10},"end":{"line":106,"column":26}},"73":{"start":{"line":109,"column":6},"end":{"line":109,"column":18}},"74":{"start":{"line":120,"column":6},"end":{"line":120,"column":49}},"75":{"start":{"line":125,"column":6},"end":{"line":133,"column":9}},"76":{"start":{"line":127,"column":10},"end":{"line":129,"column":11}},"77":{"start":{"line":128,"column":12},"end":{"line":128,"column":24}},"78":{"start":{"line":130,"column":10},"end":{"line":130,"column":24}},"79":{"start":{"line":132,"column":8},"end":{"line":132,"column":50}},"80":{"start":{"line":138,"column":6},"end":{"line":143,"column":9}},"81":{"start":{"line":139,"column":20},"end":{"line":139,"column":47}},"82":{"start":{"line":140,"column":8},"end":{"line":140,"column":37}},"83":{"start":{"line":142,"column":8},"end":{"line":142,"column":18}},"84":{"start":{"line":162,"column":19},"end":{"line":162,"column":23}},"85":{"start":{"line":164,"column":24},"end":{"line":164,"column":26}},"86":{"start":{"line":165,"column":6},"end":{"line":177,"column":9}},"87":{"start":{"line":166,"column":8},"end":{"line":176,"column":11}},"88":{"start":{"line":167,"column":19},"end":{"line":167,"column":69}},"89":{"start":{"line":168,"column":10},"end":{"line":174,"column":11}},"90":{"start":{"line":169,"column":12},"end":{"line":173,"column":15}},"91":{"start":{"line":175,"column":10},"end":{"line":175,"column":22}},"92":{"start":{"line":178,"column":6},"end":{"line":178,"column":25}},"93":{"start":{"line":183,"column":21},"end":{"line":183,"column":41}},"94":{"start":{"line":184,"column":26},"end":{"line":184,"column":77}},"95":{"start":{"line":185,"column":24},"end":{"line":185,"column":89}},"96":{"start":{"line":187,"column":24},"end":{"line":187,"column":26}},"97":{"start":{"line":189,"column":6},"end":{"line":194,"column":7}},"98":{"start":{"line":189,"column":19},"end":{"line":189,"column":32}},"99":{"start":{"line":190,"column":8},"end":{"line":193,"column":11}},"100":{"start":{"line":195,"column":6},"end":{"line":195,"column":25}},"101":{"start":{"line":200,"column":15},"end":{"line":200,"column":16}},"102":{"start":{"line":201,"column":15},"end":{"line":201,"column":39}},"103":{"start":{"line":202,"column":16},"end":{"line":202,"column":17}},"104":{"start":{"line":204,"column":6},"end":{"line":211,"column":7}},"105":{"start":{"line":205,"column":8},"end":{"line":205,"column":34}},"106":{"start":{"line":206,"column":8},"end":{"line":210,"column":9}},"107":{"start":{"line":207,"column":12},"end":{"line":207,"column":25}},"108":{"start":{"line":209,"column":10},"end":{"line":209,"column":23}},"109":{"start":{"line":212,"column":6},"end":{"line":212,"column":16}},"110":{"start":{"line":217,"column":15},"end":{"line":217,"column":16}},"111":{"start":{"line":218,"column":15},"end":{"line":218,"column":39}},"112":{"start":{"line":219,"column":16},"end":{"line":219,"column":17}},"113":{"start":{"line":220,"column":6},"end":{"line":231,"column":7}},"114":{"start":{"line":221,"column":8},"end":{"line":221,"column":34}},"115":{"start":{"line":222,"column":8},"end":{"line":224,"column":11}},"116":{"start":{"line":223,"column":12},"end":{"line":223,"column":25}},"117":{"start":{"line":225,"column":8},"end":{"line":227,"column":11}},"118":{"start":{"line":226,"column":12},"end":{"line":226,"column":25}},"119":{"start":{"line":228,"column":8},"end":{"line":230,"column":9}},"120":{"start":{"line":229,"column":10},"end":{"line":229,"column":16}},"121":{"start":{"line":232,"column":6},"end":{"line":236,"column":7}},"122":{"start":{"line":234,"column":8},"end":{"line":234,"column":34}},"123":{"start":{"line":235,"column":8},"end":{"line":235,"column":25}},"124":{"start":{"line":238,"column":6},"end":{"line":238,"column":40}},"125":{"start":{"line":243,"column":22},"end":{"line":243,"column":40}},"126":{"start":{"line":244,"column":6},"end":{"line":246,"column":7}},"127":{"start":{"line":245,"column":8},"end":{"line":245,"column":26}},"128":{"start":{"line":247,"column":19},"end":{"line":247,"column":98}},"129":{"start":{"line":248,"column":6},"end":{"line":252,"column":7}},"130":{"start":{"line":249,"column":8},"end":{"line":249,"column":72}},"131":{"start":{"line":251,"column":8},"end":{"line":251,"column":43}},"132":{"start":{"line":253,"column":6},"end":{"line":255,"column":7}},"133":{"start":{"line":254,"column":8},"end":{"line":254,"column":115}},"134":{"start":{"line":256,"column":6},"end":{"line":256,"column":91}},"135":{"start":{"line":260,"column":2},"end":{"line":260,"column":15}},"136":{"start":{"line":263,"column":0},"end":{"line":263,"column":24}}},"fnMap":{"0":{"name":"(anonymous_0)","decl":{"start":{"line":7,"column":19},"end":{"line":7,"column":20}},"loc":{"start":{"line":7,"column":31},"end":{"line":7,"column":561}},"line":7},"1":{"name":"defineProperties","decl":{"start":{"line":7,"column":42},"end":{"line":7,"column":58}},"loc":{"start":{"line":7,"column":74},"end":{"line":7,"column":349}},"line":7},"2":{"name":"(anonymous_2)","decl":{"start":{"line":7,"column":357},"end":{"line":7,"column":358}},"loc":{"start":{"line":7,"column":405},"end":{"line":7,"column":558}},"line":7},"3":{"name":"_interopRequireDefault","decl":{"start":{"line":31,"column":9},"end":{"line":31,"column":31}},"loc":{"start":{"line":31,"column":37},"end":{"line":31,"column":95}},"line":31},"4":{"name":"_classCallCheck","decl":{"start":{"line":33,"column":9},"end":{"line":33,"column":24}},"loc":{"start":{"line":33,"column":48},"end":{"line":33,"column":153}},"line":33},"5":{"name":"_possibleConstructorReturn","decl":{"start":{"line":35,"column":9},"end":{"line":35,"column":35}},"loc":{"start":{"line":35,"column":48},"end":{"line":35,"column":240}},"line":35},"6":{"name":"_inherits","decl":{"start":{"line":37,"column":9},"end":{"line":37,"column":18}},"loc":{"start":{"line":37,"column":41},"end":{"line":37,"column":494}},"line":37},"7":{"name":"isTrue","decl":{"start":{"line":43,"column":9},"end":{"line":43,"column":15}},"loc":{"start":{"line":43,"column":19},"end":{"line":46,"column":1}},"line":43},"8":{"name":"(anonymous_8)","decl":{"start":{"line":48,"column":12},"end":{"line":48,"column":13}},"loc":{"start":{"line":48,"column":34},"end":{"line":261,"column":1}},"line":48},"9":{"name":"Mdict","decl":{"start":{"line":51,"column":11},"end":{"line":51,"column":16}},"loc":{"start":{"line":51,"column":19},"end":{"line":55,"column":3}},"line":51},"10":{"name":"_stripKey","decl":{"start":{"line":62,"column":20},"end":{"line":62,"column":29}},"loc":{"start":{"line":62,"column":32},"end":{"line":76,"column":5}},"line":62},"11":{"name":"_s","decl":{"start":{"line":65,"column":55},"end":{"line":65,"column":57}},"loc":{"start":{"line":65,"column":63},"end":{"line":67,"column":9}},"line":65},"12":{"name":"_s","decl":{"start":{"line":67,"column":21},"end":{"line":67,"column":23}},"loc":{"start":{"line":67,"column":29},"end":{"line":69,"column":9}},"line":67},"13":{"name":"_s","decl":{"start":{"line":71,"column":92},"end":{"line":71,"column":94}},"loc":{"start":{"line":71,"column":100},"end":{"line":73,"column":7}},"line":71},"14":{"name":"_s","decl":{"start":{"line":73,"column":19},"end":{"line":73,"column":21}},"loc":{"start":{"line":73,"column":27},"end":{"line":75,"column":7}},"line":73},"15":{"name":"lookup","decl":{"start":{"line":79,"column":20},"end":{"line":79,"column":26}},"loc":{"start":{"line":79,"column":33},"end":{"line":88,"column":5}},"line":79},"16":{"name":"_binarySearh","decl":{"start":{"line":91,"column":20},"end":{"line":91,"column":32}},"loc":{"start":{"line":91,"column":49},"end":{"line":110,"column":5}},"line":91},"17":{"name":"lemmer","decl":{"start":{"line":119,"column":20},"end":{"line":119,"column":26}},"loc":{"start":{"line":119,"column":35},"end":{"line":121,"column":5}},"line":119},"18":{"name":"_loadDict","decl":{"start":{"line":124,"column":20},"end":{"line":124,"column":29}},"loc":{"start":{"line":124,"column":32},"end":{"line":134,"column":5}},"line":124},"19":{"name":"(anonymous_19)","decl":{"start":{"line":125,"column":25},"end":{"line":125,"column":26}},"loc":{"start":{"line":125,"column":52},"end":{"line":133,"column":7}},"line":125},"20":{"name":"onDictLoad","decl":{"start":{"line":126,"column":17},"end":{"line":126,"column":27}},"loc":{"start":{"line":126,"column":39},"end":{"line":131,"column":9}},"line":126},"21":{"name":"suggest","decl":{"start":{"line":137,"column":20},"end":{"line":137,"column":27}},"loc":{"start":{"line":137,"column":36},"end":{"line":144,"column":5}},"line":137},"22":{"name":"(anonymous_22)","decl":{"start":{"line":138,"column":35},"end":{"line":138,"column":36}},"loc":{"start":{"line":138,"column":51},"end":{"line":141,"column":7}},"line":138},"23":{"name":"(anonymous_23)","decl":{"start":{"line":141,"column":9},"end":{"line":141,"column":10}},"loc":{"start":{"line":141,"column":24},"end":{"line":143,"column":7}},"line":141},"24":{"name":"fuzzy_search","decl":{"start":{"line":161,"column":20},"end":{"line":161,"column":32}},"loc":{"start":{"line":161,"column":59},"end":{"line":179,"column":5}},"line":161},"25":{"name":"(anonymous_25)","decl":{"start":{"line":165,"column":28},"end":{"line":165,"column":29}},"loc":{"start":{"line":165,"column":44},"end":{"line":177,"column":7}},"line":165},"26":{"name":"(anonymous_26)","decl":{"start":{"line":166,"column":58},"end":{"line":166,"column":59}},"loc":{"start":{"line":166,"column":71},"end":{"line":176,"column":9}},"line":166},"27":{"name":"_find_nabor","decl":{"start":{"line":182,"column":20},"end":{"line":182,"column":31}},"loc":{"start":{"line":182,"column":53},"end":{"line":196,"column":5}},"line":182},"28":{"name":"_bsearch_sim_idx","decl":{"start":{"line":199,"column":20},"end":{"line":199,"column":36}},"loc":{"start":{"line":199,"column":43},"end":{"line":213,"column":5}},"line":199},"29":{"name":"bsearch","decl":{"start":{"line":216,"column":20},"end":{"line":216,"column":27}},"loc":{"start":{"line":216,"column":34},"end":{"line":239,"column":5}},"line":216},"30":{"name":"parse_defination","decl":{"start":{"line":242,"column":20},"end":{"line":242,"column":36}},"loc":{"start":{"line":242,"column":42},"end":{"line":257,"column":5}},"line":242}},"branchMap":{"0":{"loc":{"start":{"line":7,"column":168},"end":{"line":7,"column":198}},"type":"binary-expr","locations":[{"start":{"line":7,"column":168},"end":{"line":7,"column":189}},{"start":{"line":7,"column":193},"end":{"line":7,"column":198}}],"line":7},"1":{"loc":{"start":{"line":7,"column":232},"end":{"line":7,"column":286}},"type":"if","locations":[{"start":{"line":7,"column":232},"end":{"line":7,"column":286}},{"start":{"line":7,"column":232},"end":{"line":7,"column":286}}],"line":7},"2":{"loc":{"start":{"line":7,"column":407},"end":{"line":7,"column":475}},"type":"if","locations":[{"start":{"line":7,"column":407},"end":{"line":7,"column":475}},{"start":{"line":7,"column":407},"end":{"line":7,"column":475}}],"line":7},"3":{"loc":{"start":{"line":7,"column":476},"end":{"line":7,"column":536}},"type":"if","locations":[{"start":{"line":7,"column":476},"end":{"line":7,"column":536}},{"start":{"line":7,"column":476},"end":{"line":7,"column":536}}],"line":7},"4":{"loc":{"start":{"line":31,"column":46},"end":{"line":31,"column":92}},"type":"cond-expr","locations":[{"start":{"line":31,"column":70},"end":{"line":31,"column":73}},{"start":{"line":31,"column":76},"end":{"line":31,"column":92}}],"line":31},"5":{"loc":{"start":{"line":31,"column":46},"end":{"line":31,"column":67}},"type":"binary-expr","locations":[{"start":{"line":31,"column":46},"end":{"line":31,"column":49}},{"start":{"line":31,"column":53},"end":{"line":31,"column":67}}],"line":31},"6":{"loc":{"start":{"line":33,"column":50},"end":{"line":33,"column":151}},"type":"if","locations":[{"start":{"line":33,"column":50},"end":{"line":33,"column":151}},{"start":{"line":33,"column":50},"end":{"line":33,"column":151}}],"line":33},"7":{"loc":{"start":{"line":35,"column":50},"end":{"line":35,"column":151}},"type":"if","locations":[{"start":{"line":35,"column":50},"end":{"line":35,"column":151}},{"start":{"line":35,"column":50},"end":{"line":35,"column":151}}],"line":35},"8":{"loc":{"start":{"line":35,"column":159},"end":{"line":35,"column":237}},"type":"cond-expr","locations":[{"start":{"line":35,"column":226},"end":{"line":35,"column":230}},{"start":{"line":35,"column":233},"end":{"line":35,"column":237}}],"line":35},"9":{"loc":{"start":{"line":35,"column":159},"end":{"line":35,"column":223}},"type":"binary-expr","locations":[{"start":{"line":35,"column":159},"end":{"line":35,"column":163}},{"start":{"line":35,"column":168},"end":{"line":35,"column":192}},{"start":{"line":35,"column":196},"end":{"line":35,"column":222}}],"line":35},"10":{"loc":{"start":{"line":37,"column":43},"end":{"line":37,"column":208}},"type":"if","locations":[{"start":{"line":37,"column":43},"end":{"line":37,"column":208}},{"start":{"line":37,"column":43},"end":{"line":37,"column":208}}],"line":37},"11":{"loc":{"start":{"line":37,"column":47},"end":{"line":37,"column":102}},"type":"binary-expr","locations":[{"start":{"line":37,"column":47},"end":{"line":37,"column":79}},{"start":{"line":37,"column":83},"end":{"line":37,"column":102}}],"line":37},"12":{"loc":{"start":{"line":37,"column":244},"end":{"line":37,"column":278}},"type":"binary-expr","locations":[{"start":{"line":37,"column":244},"end":{"line":37,"column":254}},{"start":{"line":37,"column":258},"end":{"line":37,"column":278}}],"line":37},"13":{"loc":{"start":{"line":37,"column":374},"end":{"line":37,"column":492}},"type":"if","locations":[{"start":{"line":37,"column":374},"end":{"line":37,"column":492}},{"start":{"line":37,"column":374},"end":{"line":37,"column":492}}],"line":37},"14":{"loc":{"start":{"line":37,"column":390},"end":{"line":37,"column":491}},"type":"cond-expr","locations":[{"start":{"line":37,"column":414},"end":{"line":37,"column":457}},{"start":{"line":37,"column":460},"end":{"line":37,"column":491}}],"line":37},"15":{"loc":{"start":{"line":45,"column":9},"end":{"line":45,"column":36}},"type":"binary-expr","locations":[{"start":{"line":45,"column":9},"end":{"line":45,"column":20}},{"start":{"line":45,"column":24},"end":{"line":45,"column":36}}],"line":45},"16":{"loc":{"start":{"line":54,"column":45},"end":{"line":54,"column":92}},"type":"binary-expr","locations":[{"start":{"line":54,"column":45},"end":{"line":54,"column":60}},{"start":{"line":54,"column":64},"end":{"line":54,"column":92}}],"line":54},"17":{"loc":{"start":{"line":64,"column":6},"end":{"line":70,"column":7}},"type":"if","locations":[{"start":{"line":64,"column":6},"end":{"line":70,"column":7}},{"start":{"line":64,"column":6},"end":{"line":70,"column":7}}],"line":64},"18":{"loc":{"start":{"line":65,"column":15},"end":{"line":69,"column":9}},"type":"cond-expr","locations":[{"start":{"line":65,"column":46},"end":{"line":67,"column":9}},{"start":{"line":67,"column":12},"end":{"line":69,"column":9}}],"line":65},"19":{"loc":{"start":{"line":71,"column":13},"end":{"line":75,"column":7}},"type":"cond-expr","locations":[{"start":{"line":71,"column":83},"end":{"line":73,"column":7}},{"start":{"line":73,"column":10},"end":{"line":75,"column":7}}],"line":71},"20":{"loc":{"start":{"line":71,"column":20},"end":{"line":71,"column":79}},"type":"binary-expr","locations":[{"start":{"line":71,"column":20},"end":{"line":71,"column":40}},{"start":{"line":71,"column":45},"end":{"line":71,"column":78}}],"line":71},"21":{"loc":{"start":{"line":71,"column":45},"end":{"line":71,"column":78}},"type":"cond-expr","locations":[{"start":{"line":71,"column":68},"end":{"line":71,"column":70}},{"start":{"line":71,"column":73},"end":{"line":71,"column":78}}],"line":71},"22":{"loc":{"start":{"line":85,"column":22},"end":{"line":85,"column":278}},"type":"cond-expr","locations":[{"start":{"line":85,"column":45},"end":{"line":85,"column":246}},{"start":{"line":85,"column":249},"end":{"line":85,"column":278}}],"line":85},"23":{"loc":{"start":{"line":92,"column":6},"end":{"line":95,"column":7}},"type":"if","locations":[{"start":{"line":92,"column":6},"end":{"line":95,"column":7}},{"start":{"line":92,"column":6},"end":{"line":95,"column":7}}],"line":92},"24":{"loc":{"start":{"line":92,"column":10},"end":{"line":92,"column":32}},"type":"binary-expr","locations":[{"start":{"line":92,"column":10},"end":{"line":92,"column":13}},{"start":{"line":92,"column":17},"end":{"line":92,"column":32}}],"line":92},"25":{"loc":{"start":{"line":101,"column":8},"end":{"line":107,"column":9}},"type":"if","locations":[{"start":{"line":101,"column":8},"end":{"line":107,"column":9}},{"start":{"line":101,"column":8},"end":{"line":107,"column":9}}],"line":101},"26":{"loc":{"start":{"line":103,"column":15},"end":{"line":107,"column":9}},"type":"if","locations":[{"start":{"line":103,"column":15},"end":{"line":107,"column":9}},{"start":{"line":103,"column":15},"end":{"line":107,"column":9}}],"line":103},"27":{"loc":{"start":{"line":127,"column":10},"end":{"line":129,"column":11}},"type":"if","locations":[{"start":{"line":127,"column":10},"end":{"line":129,"column":11}},{"start":{"line":127,"column":10},"end":{"line":129,"column":11}}],"line":127},"28":{"loc":{"start":{"line":168,"column":10},"end":{"line":174,"column":11}},"type":"if","locations":[{"start":{"line":168,"column":10},"end":{"line":174,"column":11}},{"start":{"line":168,"column":10},"end":{"line":174,"column":11}}],"line":168},"29":{"loc":{"start":{"line":168,"column":20},"end":{"line":168,"column":31}},"type":"binary-expr","locations":[{"start":{"line":168,"column":20},"end":{"line":168,"column":26}},{"start":{"line":168,"column":30},"end":{"line":168,"column":31}}],"line":168},"30":{"loc":{"start":{"line":184,"column":26},"end":{"line":184,"column":77}},"type":"cond-expr","locations":[{"start":{"line":184,"column":53},"end":{"line":184,"column":54}},{"start":{"line":184,"column":57},"end":{"line":184,"column":77}}],"line":184},"31":{"loc":{"start":{"line":185,"column":24},"end":{"line":185,"column":89}},"type":"cond-expr","locations":[{"start":{"line":185,"column":58},"end":{"line":185,"column":66}},{"start":{"line":185,"column":69},"end":{"line":185,"column":89}}],"line":185},"32":{"loc":{"start":{"line":206,"column":8},"end":{"line":210,"column":9}},"type":"if","locations":[{"start":{"line":206,"column":8},"end":{"line":210,"column":9}},{"start":{"line":206,"column":8},"end":{"line":210,"column":9}}],"line":206},"33":{"loc":{"start":{"line":222,"column":8},"end":{"line":224,"column":11}},"type":"if","locations":[{"start":{"line":222,"column":8},"end":{"line":224,"column":11}},{"start":{"line":222,"column":8},"end":{"line":224,"column":11}}],"line":222},"34":{"loc":{"start":{"line":225,"column":8},"end":{"line":227,"column":11}},"type":"if","locations":[{"start":{"line":225,"column":8},"end":{"line":227,"column":11}},{"start":{"line":225,"column":8},"end":{"line":227,"column":11}}],"line":225},"35":{"loc":{"start":{"line":228,"column":8},"end":{"line":230,"column":9}},"type":"if","locations":[{"start":{"line":228,"column":8},"end":{"line":230,"column":9}},{"start":{"line":228,"column":8},"end":{"line":230,"column":9}}],"line":228},"36":{"loc":{"start":{"line":232,"column":6},"end":{"line":236,"column":7}},"type":"if","locations":[{"start":{"line":232,"column":6},"end":{"line":236,"column":7}},{"start":{"line":232,"column":6},"end":{"line":236,"column":7}}],"line":232},"37":{"loc":{"start":{"line":244,"column":6},"end":{"line":246,"column":7}},"type":"if","locations":[{"start":{"line":244,"column":6},"end":{"line":246,"column":7}},{"start":{"line":244,"column":6},"end":{"line":246,"column":7}}],"line":244},"38":{"loc":{"start":{"line":244,"column":10},"end":{"line":244,"column":46}},"type":"binary-expr","locations":[{"start":{"line":244,"column":10},"end":{"line":244,"column":20}},{"start":{"line":244,"column":24},"end":{"line":244,"column":46}}],"line":244},"39":{"loc":{"start":{"line":248,"column":6},"end":{"line":252,"column":7}},"type":"if","locations":[{"start":{"line":248,"column":6},"end":{"line":252,"column":7}},{"start":{"line":248,"column":6},"end":{"line":252,"column":7}}],"line":248},"40":{"loc":{"start":{"line":253,"column":6},"end":{"line":255,"column":7}},"type":"if","locations":[{"start":{"line":253,"column":6},"end":{"line":255,"column":7}},{"start":{"line":253,"column":6},"end":{"line":255,"column":7}}],"line":253}},"s":{"0":1,"1":1,"2":1,"3":1,"4":11,"5":11,"6":11,"7":11,"8":11,"9":11,"10":1,"11":1,"12":1,"13":1,"14":0,"15":1,"16":1,"17":1,"18":1,"19":1,"20":1,"21":1,"22":1,"23":1,"24":1,"25":1,"26":1,"27":5,"28":3,"29":0,"30":3,"31":0,"32":3,"33":1,"34":0,"35":1,"36":1,"37":1,"38":166,"39":166,"40":1,"41":1,"42":3,"43":3,"44":1,"45":83,"46":83,"47":0,"48":0,"49":0,"50":83,"51":3852,"52":0,"53":83,"54":83,"55":83,"56":83,"57":83,"58":83,"59":83,"60":83,"61":83,"62":0,"63":83,"64":83,"65":83,"66":83,"67":668,"68":668,"69":254,"70":414,"71":81,"72":333,"73":2,"74":0,"75":1,"76":1,"77":0,"78":1,"79":1,"80":1,"81":1,"82":1,"83":0,"84":0,"85":0,"86":0,"87":0,"88":0,"89":0,"90":0,"91":0,"92":0,"93":0,"94":0,"95":0,"96":0,"97":0,"98":0,"99":0,"100":0,"101":0,"102":0,"103":0,"104":0,"105":0,"106":0,"107":0,"108":0,"109":0,"110":0,"111":0,"112":0,"113":0,"114":0,"115":0,"116":0,"117":0,"118":0,"119":0,"120":0,"121":0,"122":0,"123":0,"124":0,"125":0,"126":0,"127":0,"128":0,"129":0,"130":0,"131":0,"132":0,"133":0,"134":0,"135":1,"136":1},"f":{"0":1,"1":1,"2":1,"3":5,"4":3,"5":3,"6":1,"7":166,"8":1,"9":3,"10":83,"11":0,"12":0,"13":3852,"14":0,"15":83,"16":83,"17":0,"18":1,"19":1,"20":1,"21":1,"22":1,"23":0,"24":0,"25":0,"26":0,"27":0,"28":0,"29":0,"30":0},"b":{"0":[11,11],"1":[11,0],"2":[1,0],"3":[0,1],"4":[2,3],"5":[5,5],"6":[0,3],"7":[0,3],"8":[0,3],"9":[3,0,0],"10":[0,1],"11":[1,0],"12":[1,1],"13":[1,0],"14":[1,0],"15":[166,83],"16":[3,0],"17":[0,83],"18":[0,0],"19":[83,0],"20":[83,0],"21":[0,0],"22":[0,83],"23":[0,83],"24":[83,83],"25":[254,414],"26":[81,333],"27":[0,1],"28":[0,0],"29":[0,0],"30":[0,0],"31":[0,0],"32":[0,0],"33":[0,0],"34":[0,0],"35":[0,0],"36":[0,0],"37":[0,0],"38":[0,0],"39":[0,0],"40":[0,0]},"_coverageSchema":"43e27e138ebf9cfc5966b082cf9a028302ed4184","hash":"e33b36a1e51ac68ca10b1d8da595bcd3833ce279","contentHash":"18eecb424b71059fd615b0965a629b68d547347dee5947950f7ecd255810e67b"},"/Users/chenquan/Workspace/nodejs/js-mdict/src/MdictBase.js":{"path":"/Users/chenquan/Workspace/nodejs/js-mdict/src/MdictBase.js","statementMap":{"0":{"start":{"line":3,"column":0},"end":{"line":5,"column":3}},"1":{"start":{"line":7,"column":19},"end":{"line":7,"column":563}},"2":{"start":{"line":7,"column":76},"end":{"line":7,"column":347}},"3":{"start":{"line":7,"column":89},"end":{"line":7,"column":90}},"4":{"start":{"line":7,"column":134},"end":{"line":7,"column":142}},"5":{"start":{"line":7,"column":144},"end":{"line":7,"column":199}},"6":{"start":{"line":7,"column":200},"end":{"line":7,"column":231}},"7":{"start":{"line":7,"column":232},"end":{"line":7,"column":286}},"8":{"start":{"line":7,"column":259},"end":{"line":7,"column":286}},"9":{"start":{"line":7,"column":287},"end":{"line":7,"column":345}},"10":{"start":{"line":7,"column":350},"end":{"line":7,"column":559}},"11":{"start":{"line":7,"column":407},"end":{"line":7,"column":475}},"12":{"start":{"line":7,"column":423},"end":{"line":7,"column":475}},"13":{"start":{"line":7,"column":476},"end":{"line":7,"column":536}},"14":{"start":{"line":7,"column":493},"end":{"line":7,"column":536}},"15":{"start":{"line":7,"column":537},"end":{"line":7,"column":556}},"16":{"start":{"line":9,"column":17},"end":{"line":9,"column":38}},"17":{"start":{"line":11,"column":18},"end":{"line":11,"column":52}},"18":{"start":{"line":13,"column":14},"end":{"line":13,"column":31}},"19":{"start":{"line":15,"column":15},"end":{"line":15,"column":46}},"20":{"start":{"line":17,"column":10},"end":{"line":17,"column":23}},"21":{"start":{"line":19,"column":11},"end":{"line":19,"column":38}},"22":{"start":{"line":21,"column":12},"end":{"line":21,"column":27}},"23":{"start":{"line":23,"column":13},"end":{"line":23,"column":42}},"24":{"start":{"line":25,"column":27},"end":{"line":25,"column":59}},"25":{"start":{"line":27,"column":28},"end":{"line":27,"column":72}},"26":{"start":{"line":29,"column":20},"end":{"line":29,"column":44}},"27":{"start":{"line":31,"column":14},"end":{"line":31,"column":33}},"28":{"start":{"line":33,"column":15},"end":{"line":33,"column":46}},"29":{"start":{"line":35,"column":18},"end":{"line":35,"column":42}},"30":{"start":{"line":37,"column":19},"end":{"line":37,"column":54}},"31":{"start":{"line":39,"column":39},"end":{"line":39,"column":93}},"32":{"start":{"line":41,"column":50},"end":{"line":41,"column":151}},"33":{"start":{"line":41,"column":92},"end":{"line":41,"column":149}},"34":{"start":{"line":43,"column":23},"end":{"line":43,"column":64}},"35":{"start":{"line":44,"column":12},"end":{"line":44,"column":20}},"36":{"start":{"line":46,"column":20},"end":{"line":46,"column":58}},"37":{"start":{"line":47,"column":11},"end":{"line":47,"column":18}},"38":{"start":{"line":49,"column":19},"end":{"line":49,"column":56}},"39":{"start":{"line":50,"column":11},"end":{"line":50,"column":17}},"40":{"start":{"line":52,"column":22},"end":{"line":52,"column":62}},"41":{"start":{"line":53,"column":14},"end":{"line":53,"column":23}},"42":{"start":{"line":60,"column":16},"end":{"line":992,"column":3}},"43":{"start":{"line":67,"column":4},"end":{"line":67,"column":37}},"44":{"start":{"line":70,"column":4},"end":{"line":70,"column":23}},"45":{"start":{"line":72,"column":4},"end":{"line":72,"column":30}},"46":{"start":{"line":74,"column":4},"end":{"line":74,"column":21}},"47":{"start":{"line":76,"column":4},"end":{"line":76,"column":59}},"48":{"start":{"line":78,"column":4},"end":{"line":81,"column":5}},"49":{"start":{"line":79,"column":6},"end":{"line":79,"column":29}},"50":{"start":{"line":80,"column":6},"end":{"line":80,"column":39}},"51":{"start":{"line":87,"column":4},"end":{"line":87,"column":32}},"52":{"start":{"line":88,"column":4},"end":{"line":88,"column":30}},"53":{"start":{"line":89,"column":4},"end":{"line":89,"column":21}},"54":{"start":{"line":90,"column":4},"end":{"line":90,"column":23}},"55":{"start":{"line":95,"column":4},"end":{"line":95,"column":35}},"56":{"start":{"line":96,"column":4},"end":{"line":96,"column":33}},"57":{"start":{"line":97,"column":4},"end":{"line":103,"column":6}},"58":{"start":{"line":105,"column":4},"end":{"line":105,"column":26}},"59":{"start":{"line":110,"column":4},"end":{"line":110,"column":38}},"60":{"start":{"line":111,"column":4},"end":{"line":111,"column":36}},"61":{"start":{"line":113,"column":4},"end":{"line":113,"column":31}},"62":{"start":{"line":114,"column":4},"end":{"line":114,"column":29}},"63":{"start":{"line":119,"column":4},"end":{"line":119,"column":34}},"64":{"start":{"line":120,"column":4},"end":{"line":120,"column":32}},"65":{"start":{"line":121,"column":4},"end":{"line":121,"column":22}},"66":{"start":{"line":128,"column":4},"end":{"line":128,"column":38}},"67":{"start":{"line":129,"column":4},"end":{"line":129,"column":36}},"68":{"start":{"line":130,"column":4},"end":{"line":135,"column":6}},"69":{"start":{"line":136,"column":4},"end":{"line":136,"column":31}},"70":{"start":{"line":141,"column":4},"end":{"line":141,"column":36}},"71":{"start":{"line":142,"column":4},"end":{"line":142,"column":34}},"72":{"start":{"line":143,"column":4},"end":{"line":143,"column":34}},"73":{"start":{"line":144,"column":4},"end":{"line":144,"column":29}},"74":{"start":{"line":149,"column":4},"end":{"line":149,"column":37}},"75":{"start":{"line":150,"column":4},"end":{"line":150,"column":35}},"76":{"start":{"line":151,"column":4},"end":{"line":151,"column":22}},"77":{"start":{"line":172,"column":2},"end":{"line":989,"column":6}},"78":{"start":{"line":176,"column":31},"end":{"line":176,"column":53}},"79":{"start":{"line":177,"column":27},"end":{"line":177,"column":106}},"80":{"start":{"line":180,"column":25},"end":{"line":180,"column":80}},"81":{"start":{"line":191,"column":6},"end":{"line":191,"column":53}},"82":{"start":{"line":193,"column":6},"end":{"line":193,"column":58}},"83":{"start":{"line":196,"column":6},"end":{"line":196,"column":43}},"84":{"start":{"line":199,"column":23},"end":{"line":199,"column":86}},"85":{"start":{"line":202,"column":6},"end":{"line":202,"column":61}},"86":{"start":{"line":208,"column":6},"end":{"line":214,"column":7}},"87":{"start":{"line":209,"column":8},"end":{"line":209,"column":26}},"88":{"start":{"line":210,"column":13},"end":{"line":214,"column":7}},"89":{"start":{"line":211,"column":8},"end":{"line":211,"column":26}},"90":{"start":{"line":213,"column":8},"end":{"line":213,"column":60}},"91":{"start":{"line":230,"column":6},"end":{"line":230,"column":71}},"92":{"start":{"line":231,"column":6},"end":{"line":237,"column":7}},"93":{"start":{"line":232,"column":8},"end":{"line":232,"column":27}},"94":{"start":{"line":233,"column":8},"end":{"line":233,"column":54}},"95":{"start":{"line":235,"column":8},"end":{"line":235,"column":27}},"96":{"start":{"line":236,"column":8},"end":{"line":236,"column":54}},"97":{"start":{"line":238,"column":6},"end":{"line":254,"column":7}},"98":{"start":{"line":239,"column":8},"end":{"line":239,"column":30}},"99":{"start":{"line":240,"column":8},"end":{"line":240,"column":38}},"100":{"start":{"line":241,"column":13},"end":{"line":254,"column":7}},"101":{"start":{"line":242,"column":8},"end":{"line":242,"column":33}},"102":{"start":{"line":243,"column":8},"end":{"line":243,"column":40}},"103":{"start":{"line":244,"column":13},"end":{"line":254,"column":7}},"104":{"start":{"line":245,"column":8},"end":{"line":245,"column":30}},"105":{"start":{"line":246,"column":8},"end":{"line":246,"column":37}},"106":{"start":{"line":248,"column":8},"end":{"line":248,"column":136}},"107":{"start":{"line":249,"column":8},"end":{"line":253,"column":9}},"108":{"start":{"line":250,"column":10},"end":{"line":250,"column":43}},"109":{"start":{"line":252,"column":10},"end":{"line":252,"column":40}},"110":{"start":{"line":276,"column":6},"end":{"line":276,"column":57}},"111":{"start":{"line":279,"column":21},"end":{"line":279,"column":57}},"112":{"start":{"line":280,"column":26},"end":{"line":280,"column":80}},"113":{"start":{"line":283,"column":6},"end":{"line":295,"column":7}},"114":{"start":{"line":284,"column":8},"end":{"line":287,"column":9}},"115":{"start":{"line":286,"column":10},"end":{"line":286,"column":79}},"116":{"start":{"line":289,"column":8},"end":{"line":294,"column":9}},"117":{"start":{"line":291,"column":10},"end":{"line":291,"column":56}},"118":{"start":{"line":293,"column":10},"end":{"line":293,"column":56}},"119":{"start":{"line":297,"column":18},"end":{"line":297,"column":19}},"120":{"start":{"line":299,"column":28},"end":{"line":299,"column":78}},"121":{"start":{"line":300,"column":6},"end":{"line":300,"column":95}},"122":{"start":{"line":301,"column":6},"end":{"line":301,"column":30}},"123":{"start":{"line":305,"column":27},"end":{"line":305,"column":77}},"124":{"start":{"line":306,"column":6},"end":{"line":306,"column":92}},"125":{"start":{"line":307,"column":6},"end":{"line":307,"column":30}},"126":{"start":{"line":311,"column":6},"end":{"line":318,"column":7}},"127":{"start":{"line":313,"column":37},"end":{"line":313,"column":87}},"128":{"start":{"line":314,"column":37},"end":{"line":314,"column":102}},"129":{"start":{"line":315,"column":8},"end":{"line":315,"column":32}},"130":{"start":{"line":317,"column":8},"end":{"line":317,"column":71}},"131":{"start":{"line":321,"column":33},"end":{"line":321,"column":83}},"132":{"start":{"line":322,"column":29},"end":{"line":322,"column":92}},"133":{"start":{"line":323,"column":6},"end":{"line":323,"column":30}},"134":{"start":{"line":325,"column":6},"end":{"line":325,"column":61}},"135":{"start":{"line":328,"column":35},"end":{"line":328,"column":85}},"136":{"start":{"line":329,"column":31},"end":{"line":329,"column":96}},"137":{"start":{"line":330,"column":6},"end":{"line":330,"column":30}},"138":{"start":{"line":332,"column":6},"end":{"line":332,"column":61}},"139":{"start":{"line":336,"column":6},"end":{"line":336,"column":34}},"140":{"start":{"line":340,"column":6},"end":{"line":340,"column":75}},"141":{"start":{"line":352,"column":6},"end":{"line":352,"column":63}},"142":{"start":{"line":353,"column":29},"end":{"line":353,"column":113}},"143":{"start":{"line":354,"column":29},"end":{"line":354,"column":71}},"144":{"start":{"line":355,"column":6},"end":{"line":355,"column":104}},"145":{"start":{"line":356,"column":6},"end":{"line":356,"column":147}},"146":{"start":{"line":357,"column":6},"end":{"line":357,"column":47}},"147":{"start":{"line":360,"column":6},"end":{"line":360,"column":101}},"148":{"start":{"line":372,"column":24},"end":{"line":372,"column":51}},"149":{"start":{"line":373,"column":24},"end":{"line":373,"column":49}},"150":{"start":{"line":374,"column":23},"end":{"line":374,"column":29}},"151":{"start":{"line":375,"column":6},"end":{"line":390,"column":7}},"152":{"start":{"line":377,"column":8},"end":{"line":377,"column":146}},"153":{"start":{"line":378,"column":29},"end":{"line":378,"column":35}},"154":{"start":{"line":379,"column":8},"end":{"line":381,"column":9}},"155":{"start":{"line":380,"column":10},"end":{"line":380,"column":73}},"156":{"start":{"line":384,"column":8},"end":{"line":384,"column":92}},"157":{"start":{"line":389,"column":8},"end":{"line":389,"column":38}},"158":{"start":{"line":391,"column":6},"end":{"line":391,"column":126}},"159":{"start":{"line":392,"column":32},"end":{"line":392,"column":34}},"160":{"start":{"line":395,"column":28},"end":{"line":395,"column":29}},"161":{"start":{"line":396,"column":20},"end":{"line":396,"column":50}},"162":{"start":{"line":397,"column":22},"end":{"line":397,"column":23}},"163":{"start":{"line":398,"column":21},"end":{"line":398,"column":22}},"164":{"start":{"line":399,"column":6},"end":{"line":407,"column":7}},"165":{"start":{"line":400,"column":8},"end":{"line":400,"column":49}},"166":{"start":{"line":401,"column":8},"end":{"line":401,"column":22}},"167":{"start":{"line":402,"column":8},"end":{"line":402,"column":21}},"168":{"start":{"line":404,"column":8},"end":{"line":404,"column":48}},"169":{"start":{"line":405,"column":8},"end":{"line":405,"column":22}},"170":{"start":{"line":406,"column":8},"end":{"line":406,"column":21}},"171":{"start":{"line":408,"column":21},"end":{"line":408,"column":29}},"172":{"start":{"line":410,"column":20},"end":{"line":410,"column":21}},"173":{"start":{"line":411,"column":14},"end":{"line":411,"column":15}},"174":{"start":{"line":413,"column":27},"end":{"line":413,"column":28}},"175":{"start":{"line":414,"column":29},"end":{"line":414,"column":30}},"176":{"start":{"line":415,"column":6},"end":{"line":496,"column":7}},"177":{"start":{"line":417,"column":33},"end":{"line":417,"column":115}},"178":{"start":{"line":418,"column":8},"end":{"line":418,"column":28}},"179":{"start":{"line":420,"column":27},"end":{"line":420,"column":99}},"180":{"start":{"line":421,"column":8},"end":{"line":421,"column":23}},"181":{"start":{"line":424,"column":22},"end":{"line":424,"column":23}},"182":{"start":{"line":427,"column":8},"end":{"line":432,"column":9}},"183":{"start":{"line":428,"column":10},"end":{"line":428,"column":50}},"184":{"start":{"line":429,"column":10},"end":{"line":429,"column":34}},"185":{"start":{"line":431,"column":10},"end":{"line":431,"column":44}},"186":{"start":{"line":434,"column":26},"end":{"line":434,"column":58}},"187":{"start":{"line":435,"column":23},"end":{"line":435,"column":96}},"188":{"start":{"line":436,"column":8},"end":{"line":436,"column":21}},"189":{"start":{"line":439,"column":26},"end":{"line":439,"column":98}},"190":{"start":{"line":440,"column":8},"end":{"line":440,"column":23}},"191":{"start":{"line":441,"column":8},"end":{"line":447,"column":9}},"192":{"start":{"line":442,"column":10},"end":{"line":442,"column":49}},"193":{"start":{"line":444,"column":10},"end":{"line":444,"column":34}},"194":{"start":{"line":446,"column":10},"end":{"line":446,"column":43}},"195":{"start":{"line":450,"column":25},"end":{"line":450,"column":57}},"196":{"start":{"line":451,"column":22},"end":{"line":451,"column":93}},"197":{"start":{"line":452,"column":8},"end":{"line":452,"column":21}},"198":{"start":{"line":455,"column":25},"end":{"line":455,"column":107}},"199":{"start":{"line":457,"column":8},"end":{"line":457,"column":28}},"200":{"start":{"line":460,"column":27},"end":{"line":460,"column":109}},"201":{"start":{"line":461,"column":8},
[...]
umn":20},"end":{"line":177,"column":25}},"loc":{"start":{"line":177,"column":28},"end":{"line":271,"column":5}},"line":177},"10":{"name":"decompress","decl":{"start":{"line":272,"column":25},"end":{"line":272,"column":35}},"loc":{"start":{"line":272,"column":43},"end":{"line":371,"column":5}},"line":272},"11":{"name":"_compressCore","decl":{"start":{"line":372,"column":28},"end":{"line":372,"column":41}},"loc":{"start":{"line":372,"column":54},"end":{"line":523,"column":5}},"line":372},"12":{"name":"compress","decl":{"start":{"line":524,"column":23},"end":{"line":524,"column":31}},"loc":{"start":{"line":524,"column":39},"end":{"line":582,"column":5}},"line":524},"13":{"name":"compress","decl":{"start":{"line":588,"column":23},"end":{"line":588,"column":31}},"loc":{"start":{"line":588,"column":39},"end":{"line":590,"column":5}},"line":588},"14":{"name":"decompress","decl":{"start":{"line":591,"column":25},"end":{"line":591,"column":35}},"loc":{"start":{"line":591,"column":43},"end":{"line":593,"column":5}},"line":591}},"branchMap":{"0":{"loc":{"start":{"line":73,"column":6},"end":{"line":95,"column":7}},"type":"if","locations":[{"start":{"line":73,"column":6},"end":{"line":95,"column":7}},{"start":{"line":73,"column":6},"end":{"line":95,"column":7}}],"line":73},"1":{"loc":{"start":{"line":78,"column":8},"end":{"line":81,"column":9}},"type":"if","locations":[{"start":{"line":78,"column":8},"end":{"line":81,"column":9}},{"start":{"line":78,"column":8},"end":{"line":81,"column":9}}],"line":78},"2":{"loc":{"start":{"line":82,"column":8},"end":{"line":85,"column":9}},"type":"if","locations":[{"start":{"line":82,"column":8},"end":{"line":85,"column":9}},{"start":{"line":82,"column":8},"end":{"line":85,"column":9}}],"line":82},"3":{"loc":{"start":{"line":86,"column":8},"end":{"line":89,"column":9}},"type":"if","locations":[{"start":{"line":86,"column":8},"end":{"line":89,"column":9}},{"start":{"line":86,"column":8},"end":{"line":89,"column":9}}],"line":86},"4":{"loc":{"start":{"line":90,"column":8},"end":{"line":93,"column":9}},"type":"if","locations":[{"start":{"line":90,"column":8},"end":{"line":93,"column":9}},{"start":{"line":90,"column":8},"end":{"line":93,"column":9}}],"line":90},"5":{"loc":{"start":{"line":108,"column":13},"end":{"line":108,"column":74}},"type":"cond-expr","locations":[{"start":{"line":108,"column":39},"end":{"line":108,"column":40}},{"start":{"line":108,"column":43},"end":{"line":108,"column":74}}],"line":108},"6":{"loc":{"start":{"line":108,"column":43},"end":{"line":108,"column":74}},"type":"cond-expr","locations":[{"start":{"line":108,"column":67},"end":{"line":108,"column":69}},{"start":{"line":108,"column":72},"end":{"line":108,"column":74}}],"line":108},"7":{"loc":{"start":{"line":119,"column":6},"end":{"line":124,"column":7}},"type":"if","locations":[{"start":{"line":119,"column":6},"end":{"line":124,"column":7}},{"start":{"line":119,"column":6},"end":{"line":124,"column":7}}],"line":119},"8":{"loc":{"start":{"line":121,"column":8},"end":{"line":123,"column":9}},"type":"if","locations":[{"start":{"line":121,"column":8},"end":{"line":123,"column":9}},{"start":{"line":121,"column":8},"end":{"line":123,"column":9}}],"line":121},"9":{"loc":{"start":{"line":138,"column":6},"end":{"line":149,"column":7}},"type":"if","locations":[{"start":{"line":138,"column":6},"end":{"line":149,"column":7}},{"start":{"line":138,"column":6},"end":{"line":149,"column":7}}],"line":138},"10":{"loc":{"start":{"line":138,"column":10},"end":{"line":138,"column":54}},"type":"binary-expr","locations":[{"start":{"line":138,"column":10},"end":{"line":138,"column":20}},{"start":{"line":138,"column":24},"end":{"line":138,"column":54}}],"line":138},"11":{"loc":{"start":{"line":160,"column":6},"end":{"line":171,"column":7}},"type":"if","locations":[{"start":{"line":160,"column":6},"end":{"line":171,"column":7}},{"start":{"line":160,"column":6},"end":{"line":171,"column":7}}],"line":160},"12":{"loc":{"start":{"line":160,"column":10},"end":{"line":160,"column":51}},"type":"binary-expr","locations":[{"start":{"line":160,"column":10},"end":{"line":160,"column":20}},{"start":{"line":160,"column":24},"end":{"line":160,"column":51}}],"line":160},"13":{"loc":{"start":{"line":179,"column":8},"end":{"line":256,"column":9}},"type":"if","locations":[{"start":{"line":179,"column":8},"end":{"line":256,"column":9}},{"start":{"line":179,"column":8},"end":{"line":256,"column":9}}],"line":179},"14":{"loc":{"start":{"line":190,"column":10},"end":{"line":195,"column":11}},"type":"if","locations":[{"start":{"line":190,"column":10},"end":{"line":195,"column":11}},{"start":{"line":190,"column":10},"end":{"line":195,"column":11}}],"line":190},"15":{"loc":{"start":{"line":196,"column":15},"end":{"line":256,"column":9}},"type":"if","locations":[{"start":{"line":196,"column":15},"end":{"line":256,"column":9}},{"start":{"line":196,"column":15},"end":{"line":256,"column":9}}],"line":196},"16":{"loc":{"start":{"line":198,"column":10},"end":{"line":207,"column":11}},"type":"if","locations":[{"start":{"line":198,"column":10},"end":{"line":207,"column":11}},{"start":{"line":198,"column":10},"end":{"line":207,"column":11}}],"line":198},"17":{"loc":{"start":{"line":213,"column":15},"end":{"line":256,"column":9}},"type":"if","locations":[{"start":{"line":213,"column":15},"end":{"line":256,"column":9}},{"start":{"line":213,"column":15},"end":{"line":256,"column":9}}],"line":213},"18":{"loc":{"start":{"line":218,"column":10},"end":{"line":227,"column":11}},"type":"if","locations":[{"start":{"line":218,"column":10},"end":{"line":227,"column":11}},{"start":{"line":218,"column":10},"end":{"line":227,"column":11}}],"line":218},"19":{"loc":{"start":{"line":232,"column":10},"end":{"line":235,"column":11}},"type":"if","locations":[{"start":{"line":232,"column":10},"end":{"line":235,"column":11}},{"start":{"line":232,"column":10},"end":{"line":235,"column":11}}],"line":232},"20":{"loc":{"start":{"line":250,"column":10},"end":{"line":255,"column":11}},"type":"if","locations":[{"start":{"line":250,"column":10},"end":{"line":255,"column":11}},{"start":{"line":250,"column":10},"end":{"line":255,"column":11}}],"line":250},"21":{"loc":{"start":{"line":263,"column":8},"end":{"line":265,"column":9}},"type":"if","locations":[{"start":{"line":263,"column":8},"end":{"line":265,"column":9}},{"start":{"line":263,"column":8},"end":{"line":265,"column":9}}],"line":263},"22":{"loc":{"start":{"line":295,"column":6},"end":{"line":309,"column":7}},"type":"if","locations":[{"start":{"line":295,"column":6},"end":{"line":309,"column":7}},{"start":{"line":295,"column":6},"end":{"line":309,"column":7}}],"line":295},"23":{"loc":{"start":{"line":297,"column":8},"end":{"line":308,"column":9}},"type":"if","locations":[{"start":{"line":297,"column":8},"end":{"line":308,"column":9}},{"start":{"line":297,"column":8},"end":{"line":308,"column":9}}],"line":297},"24":{"loc":{"start":{"line":300,"column":10},"end":{"line":302,"column":11}},"type":"if","locations":[{"start":{"line":300,"column":10},"end":{"line":302,"column":11}},{"start":{"line":300,"column":10},"end":{"line":302,"column":11}}],"line":300},"25":{"loc":{"start":{"line":301,"column":19},"end":{"line":301,"column":57}},"type":"cond-expr","locations":[{"start":{"line":301,"column":44},"end":{"line":301,"column":51}},{"start":{"line":301,"column":54},"end":{"line":301,"column":57}}],"line":301},"26":{"loc":{"start":{"line":312,"column":8},"end":{"line":340,"column":9}},"type":"if","locations":[{"start":{"line":312,"column":8},"end":{"line":340,"column":9}},{"start":{"line":312,"column":8},"end":{"line":340,"column":9}}],"line":312},"27":{"loc":{"start":{"line":316,"column":10},"end":{"line":322,"column":11}},"type":"if","locations":[{"start":{"line":316,"column":10},"end":{"line":322,"column":11}},{"start":{"line":316,"column":10},"end":{"line":322,"column":11}}],"line":316},"28":{"loc":{"start":{"line":318,"column":12},"end":{"line":320,"column":13}},"type":"if","locations":[{"start":{"line":318,"column":12},"end":{"line":320,"column":13}},{"start":{"line":318,"column":12},"end":{"line":320,"column":13}}],"line":318},"29":{"loc":{"start":{"line":319,"column":21},"end":{"line":319,"column":63}},"type":"cond-expr","locations":[{"start":{"line":319,"column":48},"end":{"line":319,"column":55}},{"start":{"line":319,"column":58},"end":{"line":319,"column":63}}],"line":319},"30":{"loc":{"start":{"line":324,"column":10},"end":{"line":332,"column":11}},"type":"if","locations":[{"start":{"line":324,"column":10},"end":{"line":332,"column":11}},{"start":{"line":324,"column":10},"end":{"line":332,"column":11}}],"line":324},"31":{"loc":{"start":{"line":343,"column":8},"end":{"line":362,"column":9}},"type":"if","locations":[{"start":{"line":343,"column":8},"end":{"line":362,"column":9}},{"start":{"line":343,"column":8},"end":{"line":362,"column":9}}],"line":343},"32":{"loc":{"start":{"line":357,"column":10},"end":{"line":361,"column":11}},"type":"if","locations":[{"start":{"line":357,"column":10},"end":{"line":361,"column":11}},{"start":{"line":357,"column":10},"end":{"line":361,"column":11}}],"line":357},"33":{"loc":{"start":{"line":365,"column":8},"end":{"line":367,"column":9}},"type":"if","locations":[{"start":{"line":365,"column":8},"end":{"line":367,"column":9}},{"start":{"line":365,"column":8},"end":{"line":367,"column":9}}],"line":365},"34":{"loc":{"start":{"line":366,"column":17},"end":{"line":366,"column":57}},"type":"cond-expr","locations":[{"start":{"line":366,"column":43},"end":{"line":366,"column":50}},{"start":{"line":366,"column":53},"end":{"line":366,"column":57}}],"line":366},"35":{"loc":{"start":{"line":377,"column":17},"end":{"line":377,"column":36}},"type":"cond-expr","locations":[{"start":{"line":377,"column":26},"end":{"line":377,"column":32}},{"start":{"line":377,"column":35},"end":{"line":377,"column":36}}],"line":377},"36":{"loc":{"start":{"line":389,"column":8},"end":{"line":391,"column":9}},"type":"if","locations":[{"start":{"line":389,"column":8},"end":{"line":391,"column":9}},{"start":{"line":389,"column":8},"end":{"line":391,"column":9}}],"line":389},"37":{"loc":{"start":{"line":407,"column":8},"end":{"line":410,"column":9}},"type":"if","locations":[{"start":{"line":407,"column":8},"end":{"line":410,"column":9}},{"start":{"line":407,"column":8},"end":{"line":410,"column":9}}],"line":407},"38":{"loc":{"start":{"line":415,"column":8},"end":{"line":438,"column":9}},"type":"if","locations":[{"start":{"line":415,"column":8},"end":{"line":438,"column":9}},{"start":{"line":415,"column":8},"end":{"line":438,"column":9}}],"line":415},"39":{"loc":{"start":{"line":416,"column":10},"end":{"line":437,"column":11}},"type":"if","locations":[{"start":{"line":416,"column":10},"end":{"line":437,"column":11}},{"start":{"line":416,"column":10},"end":{"line":437,"column":11}}],"line":416},"40":{"loc":{"start":{"line":422,"column":12},"end":{"line":432,"column":13}},"type":"if","locations":[{"start":{"line":422,"column":12},"end":{"line":432,"column":13}},{"start":{"line":422,"column":12},"end":{"line":432,"column":13}}],"line":422},"41":{"loc":{"start":{"line":443,"column":8},"end":{"line":474,"column":9}},"type":"if","locations":[{"start":{"line":443,"column":8},"end":{"line":474,"column":9}},{"start":{"line":443,"column":8},"end":{"line":474,"column":9}}],"line":443},"42":{"loc":{"start":{"line":445,"column":23},"end":{"line":447,"column":13}},"type":"if","locations":[{"start":{"line":445,"column":23},"end":{"line":447,"column":13}},{"start":{"line":445,"column":23},"end":{"line":447,"column":13}}],"line":445},"43":{"loc":{"start":{"line":448,"column":23},"end":{"line":450,"column":13}},"type":"if","locations":[{"start":{"line":448,"column":23},"end":{"line":450,"column":13}},{"start":{"line":448,"column":23},"end":{"line":450,"column":13}}],"line":448},"44":{"loc":{"start":{"line":451,"column":23},"end":{"line":453,"column":13}},"type":"if","locations":[{"start":{"line":451,"column":23},"end":{"line":453,"column":13}},{"start":{"line":451,"column":23},"end":{"line":453,"column":13}}],"line":451},"45":{"loc":{"start":{"line":454,"column":23},"end":{"line":456,"column":13}},"type":"if","locations":[{"start":{"line":454,"column":23},"end":{"line":456,"column":13}},{"start":{"line":454,"column":23},"end":{"line":456,"column":13}}],"line":454},"46":{"loc":{"start":{"line":457,"column":23},"end":{"line":459,"column":13}},"type":"if","locations":[{"start":{"line":457,"column":23},"end":{"line":459,"column":13}},{"start":{"line":457,"column":23},"end":{"line":459,"column":13}}],"line":457},"47":{"loc":{"start":{"line":460,"column":23},"end":{"line":462,"column":13}},"type":"if","locations":[{"start":{"line":460,"column":23},"end":{"line":462,"column":13}},{"start":{"line":460,"column":23},"end":{"line":462,"column":13}}],"line":460},"48":{"loc":{"start":{"line":463,"column":23},"end":{"line":465,"column":13}},"type":"if","locations":[{"start":{"line":463,"column":23},"end":{"line":465,"column":13}},{"start":{"line":463,"column":23},"end":{"line":465,"column":13}}],"line":463},"49":{"loc":{"start":{"line":466,"column":23},"end":{"line":468,"column":13}},"type":"if","locations":[{"start":{"line":466,"column":23},"end":{"line":468,"column":13}},{"start":{"line":466,"column":23},"end":{"line":468,"column":13}}],"line":466},"50":{"loc":{"start":{"line":469,"column":12},"end":{"line":472,"column":13}},"type":"if","locations":[{"start":{"line":469,"column":12},"end":{"line":472,"column":13}},{"start":{"line":469,"column":12},"end":{"line":472,"column":13}}],"line":469},"51":{"loc":{"start":{"line":484,"column":8},"end":{"line":520,"column":9}},"type":"if","locations":[{"start":{"line":484,"column":8},"end":{"line":520,"column":9}},{"start":{"line":484,"column":8},"end":{"line":520,"column":9}}],"line":484},"52":{"loc":{"start":{"line":484,"column":12},"end":{"line":484,"column":41}},"type":"binary-expr","locations":[{"start":{"line":484,"column":12},"end":{"line":484,"column":22}},{"start":{"line":484,"column":26},"end":{"line":484,"column":41}}],"line":484},"53":{"loc":{"start":{"line":489,"column":15},"end":{"line":520,"column":9}},"type":"if","locations":[{"start":{"line":489,"column":15},"end":{"line":520,"column":9}},{"start":{"line":489,"column":15},"end":{"line":520,"column":9}}],"line":489},"54":{"loc":{"start":{"line":491,"column":10},"end":{"line":501,"column":11}},"type":"if","locations":[{"start":{"line":491,"column":10},"end":{"line":501,"column":11}},{"start":{"line":491,"column":10},"end":{"line":501,"column":11}}],"line":491},"55":{"loc":{"start":{"line":506,"column":10},"end":{"line":517,"column":11}},"type":"if","locations":[{"start":{"line":506,"column":10},"end":{"line":517,"column":11}},{"start":{"line":506,"column":10},"end":{"line":517,"column":11}}],"line":506},"56":{"loc":{"start":{"line":538,"column":17},"end":{"line":538,"column":39}},"type":"cond-expr","locations":[{"start":{"line":538,"column":30},"end":{"line":538,"column":31}},{"start":{"line":538,"column":34},"end":{"line":538,"column":39}}],"line":538},"57":{"loc":{"start":{"line":539,"column":8},"end":{"line":541,"column":9}},"type":"if","locations":[{"start":{"line":539,"column":8},"end":{"line":541,"column":9}},{"start":{"line":539,"column":8},"end":{"line":541,"column":9}}],"line":539},"58":{"loc":{"start":{"line":552,"column":6},"end":{"line":574,"column":7}},"type":"if","locations":[{"start":{"line":552,"column":6},"end":{"line":574,"column":7}},{"start":{"line":552,"column":6},"end":{"line":574,"column":7}}],"line":552},"59":{"loc":{"start":{"line":555,"column":8},"end":{"line":569,"column":9}},"type":"if","locations":[{"start":{"line":555,"column":8},"end":{"line":569,"column":9}},{"start":{"line":555,"column":8},"end":{"line":569,"column":9}}],"line":555},"60":{"loc":{"start":{"line":555,"column":12},"end":{"line":555,"column":37}},"type":"binary-expr","locations":[{"start":{"line":555,"column":12},"end":{"line":555,"column":25}},{"start":{"line":555,"column":29},"end":{"line":555,"column":37}}],"line":555},"61":{"loc":{"start":{"line":557,"column":15},"end":{"line":569,"column":9}},"type":"if","locations":[{"start":{"line":557,"column":15},"end":{"line":569,"column":9}},{"start":{"line":557,"column":15},"end":{"line":569,"column":9}}],"line":557},"62":{"loc":{"start":{"line":559,"column":15},"end":{"line":569,"column":9}},"type":"if","locations":[{"start":{"line":559,"column":15},"end":{"line":569,"column":9}},{"start":{"line":559,"column":15},"end":{"line":569,"column":9}}],"line":559}},"s":{"0":1,"1":1,"2":0,"3":0,"4":0,"5":0,"6":0,"7":0,"8":0,"9":0,"10":0,"11":0,"12":0,"13":0,"14":0,"15":0,"16":0,"17":0,"18":0,"19":0,"20":0,"21":0,"22":0,"23":0,"24":0,"25":0,"26":0,"27":0,"28":0,"29":0,"30":0,"31":0,"32":0,"33":0,"34":0,"35":0,"36":0,"37":0,"38":0,"39":0,"40":0,"41":0,"42":0,"43":0,"44":0,"45":0,"46":0,"47":0,"48":0,"49":0,"50":0,"51":0,"52":0,"53":0,"54":0,"55":0,"56":0,"57":0,"58":0,"59":0,"60":0,"61":0,"62":0,"63":0,"64":0,"65":0,"66":0,"67":0,"68":0,"69":0,"70":0,"71":0,"72":0,"73":0,"74":0,"75":0,"76":0,"77":0,"78":0,"79":0,"80":0,"81":0,"82":0,"83":0,"84":0,"85":0,"86":0,"87":0,"88":0,"89":0,"90":0,"91":0,"92":0,"93":0,"94":0,"95":0,"96":0,"97":0,"98":0,"99":0,"100":0,"101":0,"102":0,"103":0,"104":0,"105":0,"106":0,"107":0,"108":0,"109":0,"110":0,"111":0,"112":0,"113":0,"114":0,"115":0,"116":0,"117":0,"118":0,"119":0,"120":0,"121":0,"122":0,"123":0,"124":0,"125":0,"126":0,"127":0,"128":0,"129":0,"130":0,"131":0,"132":0,"133":0,"134":0,"135":0,"136":0,"137":0,"138":0,"139":0,"140":0,"141":0,"142":0,"143":0,"144":0,"145":0,"146":0,"147":0,"148":0,"149":0,"150":0,"151":0,"152":0,"153":0,"154":0,"155":0,"156":0,"157":0,"158":0,"159":0,"160":0,"161":0,"162":0,"163":0,"164":0,"165":0,"166":0,"167":0,"168":0,"169":0,"170":0,"171":0,"172":0,"173":0,"174":0,"175":0,"176":0,"177":0,"178":0,"179":0,"180":0,"181":0,"182":0,"183":0,"184":0,"185":0,"186":0,"187":0,"188":0,"189":0,"190":0,"191":0,"192":0,"193":0,"194":0,"195":0,"196":0,"197":0,"198":0,"199":0,"200":0,"201":0,"202":0,"203":0,"204":0,"205":0,"206":0,"207":0,"208":0,"209":0,"210":0,"211":0,"212":0,"213":0,"214":0,"215":0,"216":0,"217":0,"218":0,"219":0,"220":0,"221":0,"222":0,"223":0,"224":0,"225":0,"226":0,"227":0,"228":0,"229":0,"230":0,"231":0,"232":0,"233":0,"234":0,"235":0,"236":0,"237":0,"238":0,"239":0,"240":0,"241":0,"242":0,"243":0,"244":0,"245":0,"246":0,"247":0,"248":0,"249":0,"250":0,"251":0,"252":0,"253":0,"254":0,"255":0,"256":0,"257":0,"258":0,"259":0,"260":0,"261":0,"262":0,"263":0,"264":0,"265":0,"266":0,"267":0,"268":0,"269":0,"270":0,"271":0,"272":0,"273":0,"274":0,"275":0,"276":0,"277":0,"278":0,"279":0,"280":0,"281":0,"282":0,"283":0,"284":0,"285":0,"286":0,"287":0,"288":0,"289":0,"290":0,"291":0,"292":0,"293":0,"294":0,"295":0,"296":0,"297":0,"298":0,"299":0,"300":0,"301":0,"302":0,"303":0,"304":0,"305":0,"306":0,"307":0,"308":0,"309":0,"310":0,"311":0,"312":0,"313":0,"314":0,"315":0,"316":1,"317":1,"318":0,"319":0,"320":1},"f":{"0":1,"1":1,"2":0,"3":0,"4":0,"5":0,"6":0,"7":0,"8":0,"9":0,"10":0,"11":0,"12":0,"13":0,"14":0},"b":{"0":[0,0],"1":[0,0],"2":[0,0],"3":[0,0],"4":[0,0],"5":[0,0],"6":[0,0],"7":[0,0],"8":[0,0],"9":[0,0],"10":[0,0],"11":[0,0],"12":[0,0],"13":[0,0],"14":[0,0],"15":[0,0],"16":[0,0],"17":[0,0],"18":[0,0],"19":[0,0],"20":[0,0],"21":[0,0],"22":[0,0],"23":[0,0],"24":[0,0],"25":[0,0],"26":[0,0],"27":[0,0],"28":[0,0],"29":[0,0],"30":[0,0],"31":[0,0],"32":[0,0],"33":[0,0],"34":[0,0],"35":[0,0],"36":[0,0],"37":[0,0],"38":[0,0],"39":[0,0],"40":[0,0],"41":[0,0],"42":[0,0],"43":[0,0],"44":[0,0],"45":[0,0],"46":[0,0],"47":[0,0],"48":[0,0],"49":[0,0],"50":[0,0],"51":[0,0],"52":[0,0],"53":[0,0],"54":[0,0],"55":[0,0],"56":[0,0],"57":[0,0],"58":[0,0],"59":[0,0],"60":[0,0],"61":[0,0],"62":[0,0]},"_coverageSchema":"43e27e138ebf9cfc5966b082cf9a028302ed4184","hash":"5d7dd41330c06b21bca7f874aa2aa79427540deb","contentHash":"b14cd455c900a83903658f133f8844e6546cce6b90c8c67cb3a4835758369d4c"}}